This is pdfTeX, Version 3.141592653-2.6-1.40.24 (MiKTeX 22.3) (preloaded format=pdflatex 2022.3.31)  5 APR 2022 14:56
entering extended mode
 restricted \write18 enabled.
 %&-line parsing enabled.
**./ch1.tex
(ch1.tex
LaTeX2e <2021-11-15> patch level 1
L3 programming layer <2022-02-24>
(C:\Users\Patryk\AppData\Local\Programs\MiKTeX\tex/latex/subfiles\subfiles.cls
Document Class: subfiles 2020/11/14 v2.2 Multi-file projects (class)
Preamble taken from file `../main.tex'
(C:\Users\Patryk\AppData\Local\Programs\MiKTeX\tex/latex/import\import.sty
Package: import 2020/04/01  v 6.2
)
(../main.tex
(C:\Users\Patryk\AppData\Local\Programs\MiKTeX\tex/latex/base\book.cls
Document Class: book 2021/10/04 v1.4n Standard LaTeX document class
(C:\Users\Patryk\AppData\Local\Programs\MiKTeX\tex/latex/base\bk10.clo
File: bk10.clo 2021/10/04 v1.4n Standard LaTeX file (size option)
)
\c@part=\count185
\c@chapter=\count186
\c@section=\count187
\c@subsection=\count188
\c@subsubsection=\count189
\c@paragraph=\count190
\c@subparagraph=\count191
\c@figure=\count192
\c@table=\count193
\abovecaptionskip=\skip47
\belowcaptionskip=\skip48
\bibindent=\dimen138
)
(..//main.sty

LaTeX Warning: You have requested package `..//main',
               but the package provides `main'.

Package: main 2015/07/01 package <main>
(C:\Users\Patryk\AppData\Local\Programs\MiKTeX\tex/latex/base\inputenc.sty
Package: inputenc 2021/02/14 v1.3d Input encoding file
\inpenc@prehook=\toks16
\inpenc@posthook=\toks17
)
(C:\Users\Patryk\AppData\Local\Programs\MiKTeX\tex/latex/base\fontenc.sty
Package: fontenc 2021/04/29 v2.0v Standard LaTeX package
)
(C:\Users\Patryk\AppData\Local\Programs\MiKTeX\tex/latex/psnfss\courier.sty
Package: courier 2020/03/25 PSNFSS-v9.3 (WaS) 
)
(C:\Users\Patryk\AppData\Local\Programs\MiKTeX\tex/latex/psnfss\mathptmx.sty
Package: mathptmx 2020/03/25 PSNFSS-v9.3 Times w/ Math, improved (SPQR, WaS) 
LaTeX Font Info:    Redeclaring symbol font `operators' on input line 28.
LaTeX Font Info:    Overwriting symbol font `operators' in version `normal'
(Font)                  OT1/cmr/m/n --> OT1/ztmcm/m/n on input line 28.
LaTeX Font Info:    Overwriting symbol font `operators' in version `bold'
(Font)                  OT1/cmr/bx/n --> OT1/ztmcm/m/n on input line 28.
LaTeX Font Info:    Redeclaring symbol font `letters' on input line 29.
LaTeX Font Info:    Overwriting symbol font `letters' in version `normal'
(Font)                  OML/cmm/m/it --> OML/ztmcm/m/it on input line 29.
LaTeX Font Info:    Overwriting symbol font `letters' in version `bold'
(Font)                  OML/cmm/b/it --> OML/ztmcm/m/it on input line 29.
LaTeX Font Info:    Redeclaring symbol font `symbols' on input line 30.
LaTeX Font Info:    Overwriting symbol font `symbols' in version `normal'
(Font)                  OMS/cmsy/m/n --> OMS/ztmcm/m/n on input line 30.
LaTeX Font Info:    Overwriting symbol font `symbols' in version `bold'
(Font)                  OMS/cmsy/b/n --> OMS/ztmcm/m/n on input line 30.
LaTeX Font Info:    Redeclaring symbol font `largesymbols' on input line 31.
LaTeX Font Info:    Overwriting symbol font `largesymbols' in version `normal'
(Font)                  OMX/cmex/m/n --> OMX/ztmcm/m/n on input line 31.
LaTeX Font Info:    Overwriting symbol font `largesymbols' in version `bold'
(Font)                  OMX/cmex/m/n --> OMX/ztmcm/m/n on input line 31.
\symbold=\mathgroup4
\symitalic=\mathgroup5
LaTeX Font Info:    Redeclaring math alphabet \mathbf on input line 34.
LaTeX Font Info:    Overwriting math alphabet `\mathbf' in version `normal'
(Font)                  OT1/cmr/bx/n --> OT1/ptm/bx/n on input line 34.
LaTeX Font Info:    Overwriting math alphabet `\mathbf' in version `bold'
(Font)                  OT1/cmr/bx/n --> OT1/ptm/bx/n on input line 34.
LaTeX Font Info:    Redeclaring math alphabet \mathit on input line 35.
LaTeX Font Info:    Overwriting math alphabet `\mathit' in version `normal'
(Font)                  OT1/cmr/m/it --> OT1/ptm/m/it on input line 35.
LaTeX Font Info:    Overwriting math alphabet `\mathit' in version `bold'
(Font)                  OT1/cmr/bx/it --> OT1/ptm/m/it on input line 35.
LaTeX Info: Redefining \hbar on input line 50.
)
(C:\Users\Patryk\AppData\Local\Programs\MiKTeX\tex/latex/graphics\graphicx.sty
Package: graphicx 2021/09/16 v1.2d Enhanced LaTeX Graphics (DPC,SPQR)

(C:\Users\Patryk\AppData\Local\Programs\MiKTeX\tex/latex/graphics\keyval.sty
Package: keyval 2014/10/28 v1.15 key=value parser (DPC)
\KV@toks@=\toks18
)
(C:\Users\Patryk\AppData\Local\Programs\MiKTeX\tex/latex/graphics\graphics.sty
Package: graphics 2021/03/04 v1.4d Standard LaTeX Graphics (DPC,SPQR)

(C:\Users\Patryk\AppData\Local\Programs\MiKTeX\tex/latex/graphics\trig.sty
Package: trig 2021/08/11 v1.11 sin cos tan (DPC)
)
(C:\Users\Patryk\AppData\Local\Programs\MiKTeX\tex/latex/graphics-cfg\graphics.
cfg
File: graphics.cfg 2016/06/04 v1.11 sample graphics configuration
)
Package graphics Info: Driver file: pdftex.def on input line 107.

(C:\Users\Patryk\AppData\Local\Programs\MiKTeX\tex/latex/graphics-def\pdftex.de
f
File: pdftex.def 2020/10/05 v1.2a Graphics/color driver for pdftex
))
\Gin@req@height=\dimen139
\Gin@req@width=\dimen140
)
(C:\Users\Patryk\AppData\Local\Programs\MiKTeX\tex/latex/enumitem\enumitem.sty
Package: enumitem 2019/06/20 v3.9 Customized lists
\labelindent=\skip49
\enit@outerparindent=\dimen141
\enit@toks=\toks19
\enit@inbox=\box50
\enit@count@id=\count194
\enitdp@description=\count195
) (C:\Users\Patryk\AppData\Local\Programs\MiKTeX\tex/latex/tools\indentfirst.st
y
Package: indentfirst 1995/11/23 v1.03 Indent first paragraph (DPC)
)
(C:\Users\Patryk\AppData\Local\Programs\MiKTeX\tex/latex/etoolbox\etoolbox.sty
Package: etoolbox 2020/10/05 v2.5k e-TeX tools for LaTeX (JAW)
\etb@tempcnta=\count196
) (C:\Users\Patryk\AppData\Local\Programs\MiKTeX\tex/latex/amsmath\amsmath.sty
Package: amsmath 2021/10/15 v2.17l AMS math features
\@mathmargin=\skip50

For additional information on amsmath, use the `?' option.
(C:\Users\Patryk\AppData\Local\Programs\MiKTeX\tex/latex/amsmath\amstext.sty
Package: amstext 2021/08/26 v2.01 AMS text

(C:\Users\Patryk\AppData\Local\Programs\MiKTeX\tex/latex/amsmath\amsgen.sty
File: amsgen.sty 1999/11/30 v2.0 generic functions
\@emptytoks=\toks20
\ex@=\dimen142
))
(C:\Users\Patryk\AppData\Local\Programs\MiKTeX\tex/latex/amsmath\amsbsy.sty
Package: amsbsy 1999/11/29 v1.2d Bold Symbols
\pmbraise@=\dimen143
)
(C:\Users\Patryk\AppData\Local\Programs\MiKTeX\tex/latex/amsmath\amsopn.sty
Package: amsopn 2021/08/26 v2.02 operator names
)
\inf@bad=\count197
LaTeX Info: Redefining \frac on input line 234.
\uproot@=\count198
\leftroot@=\count199
LaTeX Info: Redefining \overline on input line 399.
\classnum@=\count266
\DOTSCASE@=\count267
LaTeX Info: Redefining \ldots on input line 496.
LaTeX Info: Redefining \dots on input line 499.
LaTeX Info: Redefining \cdots on input line 620.
\Mathstrutbox@=\box51
\strutbox@=\box52
\big@size=\dimen144
LaTeX Font Info:    Redeclaring font encoding OML on input line 743.
LaTeX Font Info:    Redeclaring font encoding OMS on input line 744.
\macc@depth=\count268
\c@MaxMatrixCols=\count269
\dotsspace@=\muskip16
\c@parentequation=\count270
\dspbrk@lvl=\count271
\tag@help=\toks21
\row@=\count272
\column@=\count273
\maxfields@=\count274
\andhelp@=\toks22
\eqnshift@=\dimen145
\alignsep@=\dimen146
\tagshift@=\dimen147
\tagwidth@=\dimen148
\totwidth@=\dimen149
\lineht@=\dimen150
\@envbody=\toks23
\multlinegap=\skip51
\multlinetaggap=\skip52
\mathdisplay@stack=\toks24
LaTeX Info: Redefining \[ on input line 2938.
LaTeX Info: Redefining \] on input line 2939.
)
(C:\Users\Patryk\AppData\Local\Programs\MiKTeX\tex/latex/amscls\amsthm.sty
Package: amsthm 2020/05/29 v2.20.6
\thm@style=\toks25
\thm@bodyfont=\toks26
\thm@headfont=\toks27
\thm@notefont=\toks28
\thm@headpunct=\toks29
\thm@preskip=\skip53
\thm@postskip=\skip54
\thm@headsep=\skip55
\dth@everypar=\toks30
)
(C:\Users\Patryk\AppData\Local\Programs\MiKTeX\tex/latex/amsfonts\amssymb.sty
Package: amssymb 2013/01/14 v3.01 AMS font symbols

(C:\Users\Patryk\AppData\Local\Programs\MiKTeX\tex/latex/amsfonts\amsfonts.sty
Package: amsfonts 2013/01/14 v3.01 Basic AMSFonts support
\symAMSa=\mathgroup6
\symAMSb=\mathgroup7
LaTeX Font Info:    Overwriting math alphabet `\mathfrak' in version `bold'
(Font)                  U/euf/m/n --> U/euf/b/n on input line 106.
)) (C:\Users\Patryk\AppData\Local\Programs\MiKTeX\tex/latex/graphics\color.sty
Package: color 2021/12/07 v1.3c Standard LaTeX Color (DPC)

(C:\Users\Patryk\AppData\Local\Programs\MiKTeX\tex/latex/graphics-cfg\color.cfg
File: color.cfg 2016/01/02 v1.6 sample color configuration
)
Package color Info: Driver file: pdftex.def on input line 149.
)
(C:\Users\Patryk\AppData\Local\Programs\MiKTeX\tex/latex/listings\listings.sty
\lst@mode=\count275
\lst@gtempboxa=\box53
\lst@token=\toks31
\lst@length=\count276
\lst@currlwidth=\dimen151
\lst@column=\count277
\lst@pos=\count278
\lst@lostspace=\dimen152
\lst@width=\dimen153
\lst@newlines=\count279
\lst@lineno=\count280
\lst@maxwidth=\dimen154

(C:\Users\Patryk\AppData\Local\Programs\MiKTeX\tex/latex/listings\lstmisc.sty
File: lstmisc.sty 2020/03/24 1.8d (Carsten Heinz)
\c@lstnumber=\count281
\lst@skipnumbers=\count282
\lst@framebox=\box54
)
(C:\Users\Patryk\AppData\Local\Programs\MiKTeX\tex/latex/listings\listings.cfg
File: listings.cfg 2020/03/24 1.8d listings configuration
))
Package: listings 2020/03/24 1.8d (Carsten Heinz)

(C:\Users\Patryk\AppData\Local\Programs\MiKTeX\tex/latex/geometry\geometry.sty
Package: geometry 2020/01/02 v5.9 Page Geometry

(C:\Users\Patryk\AppData\Local\Programs\MiKTeX\tex/generic/iftex\ifvtex.sty
Package: ifvtex 2019/10/25 v1.7 ifvtex legacy package. Use iftex instead.

(C:\Users\Patryk\AppData\Local\Programs\MiKTeX\tex/generic/iftex\iftex.sty
Package: iftex 2022/02/03 v1.0f TeX engine tests
))
\Gm@cnth=\count283
\Gm@cntv=\count284
\c@Gm@tempcnt=\count285
\Gm@bindingoffset=\dimen155
\Gm@wd@mp=\dimen156
\Gm@odd@mp=\dimen157
\Gm@even@mp=\dimen158
\Gm@layoutwidth=\dimen159
\Gm@layoutheight=\dimen160
\Gm@layouthoffset=\dimen161
\Gm@layoutvoffset=\dimen162
\Gm@dimlist=\toks32

(C:\Users\Patryk\AppData\Local\Programs\MiKTeX\tex/latex/geometry\geometry.cfg)
) (C:\Users\Patryk\AppData\Local\Programs\MiKTeX\tex/latex/tools\bm.sty
Package: bm 2021/04/25 v1.2e Bold Symbol Support (DPC/FMi)
Package bm Info: No bold for \OT1/ztmcm/m/n, using \pmb.
Package bm Info: No bold for \OML/ztmcm/m/it, using \pmb.
Package bm Info: No bold for \OMS/ztmcm/m/n, using \pmb.
Package bm Info: No bold for \OMX/ztmcm/m/n, using \pmb.
Package bm Info: No bold for \OT1/ptm/bx/n, using \pmb.
Package bm Info: No bold for \OT1/ptm/m/it, using \pmb.
Package bm Info: No bold for \U/msa/m/n, using \pmb.
Package bm Info: No bold for \U/msb/m/n, using \pmb.
)
\mylen=\skip56

(C:\Users\Patryk\AppData\Local\Programs\MiKTeX\tex/latex/titlesec\titlesec.sty
Package: titlesec 2021/07/05 v2.14 Sectioning titles
\ttl@box=\box55
\beforetitleunit=\skip57
\aftertitleunit=\skip58
\ttl@plus=\dimen163
\ttl@minus=\dimen164
\ttl@toksa=\toks33
\titlewidth=\dimen165
\titlewidthlast=\dimen166
\titlewidthfirst=\dimen167
)) (C:\Users\Patryk\AppData\Local\Programs\MiKTeX\tex/latex/float\float.sty
Package: float 2001/11/08 v1.3d Float enhancements (AL)
\c@float@type=\count286
\float@exts=\toks34
\float@box=\box56
\@float@everytoks=\toks35
\@floatcapt=\box57
)
(C:\Users\Patryk\AppData\Local\Programs\MiKTeX\tex/latex/hyperref\hyperref.sty
Package: hyperref 2022-02-21 v7.00n Hypertext links for LaTeX

(C:\Users\Patryk\AppData\Local\Programs\MiKTeX\tex/generic/ltxcmds\ltxcmds.sty
Package: ltxcmds 2020-05-10 v1.25 LaTeX kernel commands for general use (HO)
)
(C:\Users\Patryk\AppData\Local\Programs\MiKTeX\tex/generic/pdftexcmds\pdftexcmd
s.sty
Package: pdftexcmds 2020-06-27 v0.33 Utility functions of pdfTeX for LuaTeX (HO
)

(C:\Users\Patryk\AppData\Local\Programs\MiKTeX\tex/generic/infwarerr\infwarerr.
sty
Package: infwarerr 2019/12/03 v1.5 Providing info/warning/error messages (HO)
)
Package pdftexcmds Info: \pdf@primitive is available.
Package pdftexcmds Info: \pdf@ifprimitive is available.
Package pdftexcmds Info: \pdfdraftmode found.
)
(C:\Users\Patryk\AppData\Local\Programs\MiKTeX\tex/generic/kvsetkeys\kvsetkeys.
sty
Package: kvsetkeys 2019/12/15 v1.18 Key value parser (HO)
)
(C:\Users\Patryk\AppData\Local\Programs\MiKTeX\tex/generic/kvdefinekeys\kvdefin
ekeys.sty
Package: kvdefinekeys 2019-12-19 v1.6 Define keys (HO)
)
(C:\Users\Patryk\AppData\Local\Programs\MiKTeX\tex/generic/pdfescape\pdfescape.
sty
Package: pdfescape 2019/12/09 v1.15 Implements pdfTeX's escape features (HO)
)
(C:\Users\Patryk\AppData\Local\Programs\MiKTeX\tex/latex/hycolor\hycolor.sty
Package: hycolor 2020-01-27 v1.10 Color options for hyperref/bookmark (HO)
)
(C:\Users\Patryk\AppData\Local\Programs\MiKTeX\tex/latex/letltxmacro\letltxmacr
o.sty
Package: letltxmacro 2019/12/03 v1.6 Let assignment for LaTeX macros (HO)
)
(C:\Users\Patryk\AppData\Local\Programs\MiKTeX\tex/latex/auxhook\auxhook.sty
Package: auxhook 2019-12-17 v1.6 Hooks for auxiliary files (HO)
)
(C:\Users\Patryk\AppData\Local\Programs\MiKTeX\tex/latex/kvoptions\kvoptions.st
y
Package: kvoptions 2020-10-07 v3.14 Key value format for package options (HO)
)
\@linkdim=\dimen168
\Hy@linkcounter=\count287
\Hy@pagecounter=\count288
 (C:\Users\Patryk\AppData\Local\Programs\MiKTeX\tex/latex/hyperref\pd1enc.def
File: pd1enc.def 2022-02-21 v7.00n Hyperref: PDFDocEncoding definition (HO)
Now handling font encoding PD1 ...
... no UTF-8 mapping file for font encoding PD1
)
(C:\Users\Patryk\AppData\Local\Programs\MiKTeX\tex/generic/intcalc\intcalc.sty
Package: intcalc 2019/12/15 v1.3 Expandable calculations with integers (HO)
)
(C:\Users\Patryk\AppData\Local\Programs\MiKTeX\tex/generic/etexcmds\etexcmds.st
y
Package: etexcmds 2019/12/15 v1.7 Avoid name clashes with e-TeX commands (HO)
)
\Hy@SavedSpaceFactor=\count289
 (C:\Users\Patryk\AppData\Local\Programs\MiKTeX\tex/latex/hyperref\puenc.def
File: puenc.def 2022-02-21 v7.00n Hyperref: PDF Unicode definition (HO)
Now handling font encoding PU ...
... no UTF-8 mapping file for font encoding PU
)
Package hyperref Info: Hyper figures OFF on input line 4137.
Package hyperref Info: Link nesting OFF on input line 4142.
Package hyperref Info: Hyper index ON on input line 4145.
Package hyperref Info: Plain pages OFF on input line 4152.
Package hyperref Info: Backreferencing OFF on input line 4157.
Package hyperref Info: Implicit mode ON; LaTeX internals redefined.
Package hyperref Info: Bookmarks ON on input line 4390.
\c@Hy@tempcnt=\count290
(C:\Users\Patryk\AppData\Local\Programs\MiKTeX\tex/latex/url\url.sty
\Urlmuskip=\muskip17
Package: url 2013/09/16  ver 3.4  Verb mode for urls, etc.
)
LaTeX Info: Redefining \url on input line 4749.
\XeTeXLinkMargin=\dimen169

(C:\Users\Patryk\AppData\Local\Programs\MiKTeX\tex/generic/bitset\bitset.sty
Package: bitset 2019/12/09 v1.3 Handle bit-vector datatype (HO)

(C:\Users\Patryk\AppData\Local\Programs\MiKTeX\tex/generic/bigintcalc\bigintcal
c.sty
Package: bigintcalc 2019/12/15 v1.5 Expandable calculations on big integers (HO
)
))
\Fld@menulength=\count291
\Field@Width=\dimen170
\Fld@charsize=\dimen171
Package hyperref Info: Hyper figures OFF on input line 6027.
Package hyperref Info: Link nesting OFF on input line 6032.
Package hyperref Info: Hyper index ON on input line 6035.
Package hyperref Info: backreferencing OFF on input line 6042.
Package hyperref Info: Link coloring OFF on input line 6047.
Package hyperref Info: Link coloring with OCG OFF on input line 6052.
Package hyperref Info: PDF/A mode OFF on input line 6057.
LaTeX Info: Redefining \ref on input line 6097.
LaTeX Info: Redefining \pageref on input line 6101.

(C:\Users\Patryk\AppData\Local\Programs\MiKTeX\tex/latex/base\atbegshi-ltx.sty
Package: atbegshi-ltx 2021/01/10 v1.0c Emulation of the original atbegshi
package with kernel methods
)
\Hy@abspage=\count292
\c@Item=\count293
\c@Hfootnote=\count294
)
Package hyperref Info: Driver (autodetected): hpdftex.
 (C:\Users\Patryk\AppData\Local\Programs\MiKTeX\tex/latex/hyperref\hpdftex.def
File: hpdftex.def 2022-02-21 v7.00n Hyperref driver for pdfTeX

(C:\Users\Patryk\AppData\Local\Programs\MiKTeX\tex/latex/base\atveryend-ltx.sty
Package: atveryend-ltx 2020/08/19 v1.0a Emulation of the original atveryend pac
kage
with kernel methods
)
\Fld@listcount=\count295
\c@bookmark@seq@number=\count296

(C:\Users\Patryk\AppData\Local\Programs\MiKTeX\tex/latex/rerunfilecheck\rerunfi
lecheck.sty
Package: rerunfilecheck 2019/12/05 v1.9 Rerun checks for auxiliary files (HO)

(C:\Users\Patryk\AppData\Local\Programs\MiKTeX\tex/generic/uniquecounter\unique
counter.sty
Package: uniquecounter 2019/12/15 v1.4 Provide unlimited unique counter (HO)
)
Package uniquecounter Info: New unique counter `rerunfilecheck' on input line 2
86.
)
\Hy@SectionHShift=\skip59
)
(C:\Users\Patryk\AppData\Local\Programs\MiKTeX\tex/generic/mathdots\mathdots.st
y
Package: mathdots 2014/06/11 v0.9 Improve and add various macros for dots in ma
th.
\MDo@unit=\dimen172
\MDo@dotsbox=\box58
\MDoprekern=\muskip18
\MDopostkern=\muskip19
\MDodotkern=\muskip20
) (C:\Users\Patryk\AppData\Local\Programs\MiKTeX\tex/latex/xcolor\xcolor.sty
Package: xcolor 2021/10/31 v2.13 LaTeX color extensions (UK)

(C:\Users\Patryk\AppData\Local\Programs\MiKTeX\tex/latex/graphics-cfg\color.cfg
File: color.cfg 2016/01/02 v1.6 sample color configuration
)
Package xcolor Info: Driver file: pdftex.def on input line 227.

(C:\Users\Patryk\AppData\Local\Programs\MiKTeX\tex/latex/colortbl\colortbl.sty
Package: colortbl 2020/01/04 v1.0e Color table columns (DPC)

(C:\Users\Patryk\AppData\Local\Programs\MiKTeX\tex/latex/tools\array.sty
Package: array 2021/10/04 v2.5f Tabular extension package (FMi)
\col@sep=\dimen173
\ar@mcellbox=\box59
\extrarowheight=\dimen174
\NC@list=\toks36
\extratabsurround=\skip60
\backup@length=\skip61
\ar@cellbox=\box60
)
\everycr=\toks37
\minrowclearance=\skip62
)
LaTeX Info: Redefining \color on input line 711.
\rownum=\count297
Package xcolor Info: Model `cmy' substituted by `cmy0' on input line 1352.
Package xcolor Info: Model `hsb' substituted by `rgb' on input line 1356.
Package xcolor Info: Model `RGB' extended on input line 1368.
Package xcolor Info: Model `HTML' substituted by `rgb' on input line 1370.
Package xcolor Info: Model `Hsb' substituted by `hsb' on input line 1371.
Package xcolor Info: Model `tHsb' substituted by `hsb' on input line 1372.
Package xcolor Info: Model `HSB' substituted by `hsb' on input line 1373.
Package xcolor Info: Model `Gray' substituted by `gray' on input line 1374.
Package xcolor Info: Model `wave' substituted by `hsb' on input line 1375.

(C:\Users\Patryk\AppData\Local\Programs\MiKTeX\tex/latex/xcolor\svgnam.def
File: svgnam.def 2021/10/31 v2.13 Predefined colors according to SVG 1.1 (UK)
))
(C:\Users\Patryk\AppData\Local\Programs\MiKTeX\tex/generic/gettitlestring\getti
tlestring.sty
Package: gettitlestring 2019/12/15 v1.6 Cleanup title references (HO)
)
(C:\Users\Patryk\AppData\Local\Programs\MiKTeX\tex/latex/subfiles\subfiles.sty
Package: subfiles 2020/11/14 v2.2 Multi-file projects (package)
) (C:\Users\Patryk\AppData\Local\Programs\MiKTeX\tex/latex/caption\caption.sty
Package: caption 2022/03/01 v3.6b Customizing captions (AR)

(C:\Users\Patryk\AppData\Local\Programs\MiKTeX\tex/latex/caption\caption3.sty
Package: caption3 2022/03/17 v2.3b caption3 kernel (AR)
\caption@tempdima=\dimen175
\captionmargin=\dimen176
\caption@leftmargin=\dimen177
\caption@rightmargin=\dimen178
\caption@width=\dimen179
\caption@indent=\dimen180
\caption@parindent=\dimen181
\caption@hangindent=\dimen182
Package caption Info: Standard document class detected.
)
\c@caption@flags=\count298
\c@continuedfloat=\count299
Package caption Info: float package is loaded.
Package caption Info: hyperref package is loaded.
Package caption Info: listings package is loaded.
) (C:\Users\Patryk\AppData\Local\Programs\MiKTeX\tex/latex/yhmath\yhmath.sty
Package: yhmath 2020/03/17 v1.6
\symyhlargesymbols=\mathgroup8
LaTeX Font Info:    Redeclaring math accent \widetilde on input line 29.
LaTeX Font Info:    Redeclaring math accent \widehat on input line 30.
LaTeX Font Info:    Redeclaring math symbol \braceld on input line 48.
LaTeX Font Info:    Redeclaring math symbol \bracerd on input line 49.
LaTeX Font Info:    Redeclaring math symbol \bracelu on input line 50.
LaTeX Font Info:    Redeclaring math symbol \braceru on input line 51.
LaTeX Font Info:    Redeclaring math delimiter \lmoustache on input line 53.
LaTeX Font Info:    Redeclaring math delimiter \rmoustache on input line 55.
LaTeX Font Info:    Redeclaring math delimiter \arrowvert on input line 57.
LaTeX Font Info:    Redeclaring math delimiter \Arrowvert on input line 59.
LaTeX Font Info:    Redeclaring math delimiter \Vert on input line 61.
LaTeX Font Info:    Redeclaring math delimiter \vert on input line 63.
LaTeX Font Info:    Redeclaring math delimiter \uparrow on input line 65.
LaTeX Font Info:    Redeclaring math delimiter \downarrow on input line 67.
LaTeX Font Info:    Redeclaring math delimiter \updownarrow on input line 69.
LaTeX Font Info:    Redeclaring math delimiter \Uparrow on input line 71.
LaTeX Font Info:    Redeclaring math delimiter \Downarrow on input line 73.
LaTeX Font Info:    Redeclaring math delimiter \Updownarrow on input line 75.
LaTeX Font Info:    Redeclaring math delimiter \backslash on input line 79.
LaTeX Font Info:    Redeclaring math delimiter \rangle on input line 81.
LaTeX Font Info:    Redeclaring math delimiter \langle on input line 83.
LaTeX Font Info:    Redeclaring math delimiter \rbrace on input line 85.
LaTeX Font Info:    Redeclaring math delimiter \lbrace on input line 87.
LaTeX Font Info:    Redeclaring math delimiter \rceil on input line 89.
LaTeX Font Info:    Redeclaring math delimiter \lceil on input line 91.
LaTeX Font Info:    Redeclaring math delimiter \rfloor on input line 93.
LaTeX Font Info:    Redeclaring math delimiter \lfloor on input line 95.
LaTeX Font Info:    Redeclaring math delimiter \lgroup on input line 97.
LaTeX Font Info:    Redeclaring math delimiter \rgroup on input line 99.
LaTeX Font Info:    Redeclaring math delimiter \bracevert on input line 101.
)
(C:\Users\Patryk\AppData\Local\Programs\MiKTeX\tex/latex/amsfonts\eucal.sty
Package: eucal 2009/06/22 v3.00 Euler Script fonts
LaTeX Font Info:    Overwriting math alphabet `\EuScript' in version `bold'
(Font)                  U/eus/m/n --> U/eus/b/n on input line 33.
)
(C:\Users\Patryk\AppData\Local\Programs\MiKTeX\tex/latex/booktabs\booktabs.sty
Package: booktabs 2020/01/12 v1.61803398 Publication quality tables
\heavyrulewidth=\dimen183
\lightrulewidth=\dimen184
\cmidrulewidth=\dimen185
\belowrulesep=\dimen186
\belowbottomsep=\dimen187
\aboverulesep=\dimen188
\abovetopsep=\dimen189
\cmidrulesep=\dimen190
\cmidrulekern=\dimen191
\defaultaddspace=\dimen192
\@cmidla=\count300
\@cmidlb=\count301
\@aboverulesep=\dimen193
\@belowrulesep=\dimen194
\@thisruleclass=\count302
\@lastruleclass=\count303
\@thisrulewidth=\dimen195
)
(C:\Users\Patryk\AppData\Local\Programs\MiKTeX\tex/latex/algorithm2e\algorithm2
e.sty
Package: algorithm2e 2017/07/18 v5.2 algorithms environments
\c@AlgoLine=\count304
 (C:\Users\Patryk\AppData\Local\Programs\MiKTeX\tex/latex/base\ifthen.sty
Package: ifthen 2020/11/24 v1.1c Standard LaTeX ifthen package (DPC)
)
\algocf@hangindent=\skip63

(C:\Users\Patryk\AppData\Local\Programs\MiKTeX\tex/latex/ifoddpage\ifoddpage.st
y
Package: ifoddpage 2016/04/23 v1.1 Conditionals for odd/even page detection
\c@checkoddpage=\count305
) (C:\Users\Patryk\AppData\Local\Programs\MiKTeX\tex/latex/tools\xspace.sty
Package: xspace 2014/10/28 v1.13 Space after command names (DPC,MH)
)
(C:\Users\Patryk\AppData\Local\Programs\MiKTeX\tex/latex/relsize\relsize.sty
Package: relsize 2013/03/29 ver 4.1
)
\skiptotal=\skip64
\skiplinenumber=\skip65
\skiprule=\skip66
\skiphlne=\skip67
\skiptext=\skip68
\skiplength=\skip69
\algomargin=\skip70
\skipalgocfslide=\skip71
\algowidth=\dimen196
\inoutsize=\dimen197
\inoutindent=\dimen198
\interspacetitleruled=\dimen199
\interspacealgoruled=\dimen256
\interspacetitleboxruled=\dimen257
\algocf@ruledwidth=\skip72
\algocf@inoutbox=\box61
\algocf@inputbox=\box62
\AlCapSkip=\skip73
\AlCapHSkip=\skip74
\algoskipindent=\skip75
\algocf@nlbox=\box63
\algocf@hangingbox=\box64
\algocf@untilbox=\box65
\algocf@skipuntil=\skip76
\algocf@capbox=\box66
\algocf@lcaptionbox=\skip77
\algoheightruledefault=\skip78
\algoheightrule=\skip79
\algotitleheightruledefault=\skip80
\algotitleheightrule=\skip81
\c@algocfline=\count306
\c@algocfproc=\count307
\c@algocf=\count308
\algocf@algoframe=\box67
\algocf@algobox=\box68
)
(C:\Users\Patryk\AppData\Local\Programs\MiKTeX\tex/latex/pgf/frontendlayer\tikz
.sty
(C:\Users\Patryk\AppData\Local\Programs\MiKTeX\tex/latex/pgf/basiclayer\pgf.sty

(C:\Users\Patryk\AppData\Local\Programs\MiKTeX\tex/latex/pgf/utilities\pgfrcs.s
ty
(C:\Users\Patryk\AppData\Local\Programs\MiKTeX\tex/generic/pgf/utilities\pgfuti
l-common.tex
\pgfutil@everybye=\toks38
\pgfutil@tempdima=\dimen258
\pgfutil@tempdimb=\dimen259

(C:\Users\Patryk\AppData\Local\Programs\MiKTeX\tex/generic/pgf/utilities\pgfuti
l-common-lists.tex))
(C:\Users\Patryk\AppData\Local\Programs\MiKTeX\tex/generic/pgf/utilities\pgfuti
l-latex.def
\pgfutil@abb=\box69
)
(C:\Users\Patryk\AppData\Local\Programs\MiKTeX\tex/generic/pgf/utilities\pgfrcs
.code.tex
(C:\Users\Patryk\AppData\Local\Programs\MiKTeX\tex/generic/pgf\pgf.revision.tex
)
Package: pgfrcs 2021/05/15 v3.1.9a (3.1.9a)
))
Package: pgf 2021/05/15 v3.1.9a (3.1.9a)

(C:\Users\Patryk\AppData\Local\Programs\MiKTeX\tex/latex/pgf/basiclayer\pgfcore
.sty
(C:\Users\Patryk\AppData\Local\Programs\MiKTeX\tex/latex/pgf/systemlayer\pgfsys
.sty
(C:\Users\Patryk\AppData\Local\Programs\MiKTeX\tex/generic/pgf/systemlayer\pgfs
ys.code.tex
Package: pgfsys 2021/05/15 v3.1.9a (3.1.9a)

(C:\Users\Patryk\AppData\Local\Programs\MiKTeX\tex/generic/pgf/utilities\pgfkey
s.code.tex
\pgfkeys@pathtoks=\toks39
\pgfkeys@temptoks=\toks40

(C:\Users\Patryk\AppData\Local\Programs\MiKTeX\tex/generic/pgf/utilities\pgfkey
sfiltered.code.tex
\pgfkeys@tmptoks=\toks41
))
\pgf@x=\dimen260
\pgf@y=\dimen261
\pgf@xa=\dimen262
\pgf@ya=\dimen263
\pgf@xb=\dimen264
\pgf@yb=\dimen265
\pgf@xc=\dimen266
\pgf@yc=\dimen267
\pgf@xd=\dimen268
\pgf@yd=\dimen269
\w@pgf@writea=\write3
\r@pgf@reada=\read2
\c@pgf@counta=\count309
\c@pgf@countb=\count310
\c@pgf@countc=\count311
\c@pgf@countd=\count312
\t@pgf@toka=\toks42
\t@pgf@tokb=\toks43
\t@pgf@tokc=\toks44
\pgf@sys@id@count=\count313

(C:\Users\Patryk\AppData\Local\Programs\MiKTeX\tex/generic/pgf/systemlayer\pgf.
cfg
File: pgf.cfg 2021/05/15 v3.1.9a (3.1.9a)
)
Driver file for pgf: pgfsys-pdftex.def

(C:\Users\Patryk\AppData\Local\Programs\MiKTeX\tex/generic/pgf/systemlayer\pgfs
ys-pdftex.def
File: pgfsys-pdftex.def 2021/05/15 v3.1.9a (3.1.9a)

(C:\Users\Patryk\AppData\Local\Programs\MiKTeX\tex/generic/pgf/systemlayer\pgfs
ys-common-pdf.def
File: pgfsys-common-pdf.def 2021/05/15 v3.1.9a (3.1.9a)
)))
(C:\Users\Patryk\AppData\Local\Programs\MiKTeX\tex/generic/pgf/systemlayer\pgfs
yssoftpath.code.tex
File: pgfsyssoftpath.code.tex 2021/05/15 v3.1.9a (3.1.9a)
\pgfsyssoftpath@smallbuffer@items=\count314
\pgfsyssoftpath@bigbuffer@items=\count315
)
(C:\Users\Patryk\AppData\Local\Programs\MiKTeX\tex/generic/pgf/systemlayer\pgfs
ysprotocol.code.tex
File: pgfsysprotocol.code.tex 2021/05/15 v3.1.9a (3.1.9a)
))
(C:\Users\Patryk\AppData\Local\Programs\MiKTeX\tex/generic/pgf/basiclayer\pgfco
re.code.tex
Package: pgfcore 2021/05/15 v3.1.9a (3.1.9a)

(C:\Users\Patryk\AppData\Local\Programs\MiKTeX\tex/generic/pgf/math\pgfmath.cod
e.tex
(C:\Users\Patryk\AppData\Local\Programs\MiKTeX\tex/generic/pgf/math\pgfmathcalc
.code.tex
(C:\Users\Patryk\AppData\Local\Programs\MiKTeX\tex/generic/pgf/math\pgfmathutil
.code.tex)
(C:\Users\Patryk\AppData\Local\Programs\MiKTeX\tex/generic/pgf/math\pgfmathpars
er.code.tex
\pgfmath@dimen=\dimen270
\pgfmath@count=\count316
\pgfmath@box=\box70
\pgfmath@toks=\toks45
\pgfmath@stack@operand=\toks46
\pgfmath@stack@operation=\toks47
)
(C:\Users\Patryk\AppData\Local\Programs\MiKTeX\tex/generic/pgf/math\pgfmathfunc
tions.code.tex
(C:\Users\Patryk\AppData\Local\Programs\MiKTeX\tex/generic/pgf/math\pgfmathfunc
tions.basic.code.tex)
(C:\Users\Patryk\AppData\Local\Programs\MiKTeX\tex/generic/pgf/math\pgfmathfunc
tions.trigonometric.code.tex)
(C:\Users\Patryk\AppData\Local\Programs\MiKTeX\tex/generic/pgf/math\pgfmathfunc
tions.random.code.tex)
(C:\Users\Patryk\AppData\Local\Programs\MiKTeX\tex/generic/pgf/math\pgfmathfunc
tions.comparison.code.tex)
(C:\Users\Patryk\AppData\Local\Programs\MiKTeX\tex/generic/pgf/math\pgfmathfunc
tions.base.code.tex)
(C:\Users\Patryk\AppData\Local\Programs\MiKTeX\tex/generic/pgf/math\pgfmathfunc
tions.round.code.tex)
(C:\Users\Patryk\AppData\Local\Programs\MiKTeX\tex/generic/pgf/math\pgfmathfunc
tions.misc.code.tex)
(C:\Users\Patryk\AppData\Local\Programs\MiKTeX\tex/generic/pgf/math\pgfmathfunc
tions.integerarithmetics.code.tex)))
(C:\Users\Patryk\AppData\Local\Programs\MiKTeX\tex/generic/pgf/math\pgfmathfloa
t.code.tex
\c@pgfmathroundto@lastzeros=\count317
))
(C:\Users\Patryk\AppData\Local\Programs\MiKTeX\tex/generic/pgf/math\pgfint.code
.tex)
(C:\Users\Patryk\AppData\Local\Programs\MiKTeX\tex/generic/pgf/basiclayer\pgfco
repoints.code.tex
File: pgfcorepoints.code.tex 2021/05/15 v3.1.9a (3.1.9a)
\pgf@picminx=\dimen271
\pgf@picmaxx=\dimen272
\pgf@picminy=\dimen273
\pgf@picmaxy=\dimen274
\pgf@pathminx=\dimen275
\pgf@pathmaxx=\dimen276
\pgf@pathminy=\dimen277
\pgf@pathmaxy=\dimen278
\pgf@xx=\dimen279
\pgf@xy=\dimen280
\pgf@yx=\dimen281
\pgf@yy=\dimen282
\pgf@zx=\dimen283
\pgf@zy=\dimen284
)
(C:\Users\Patryk\AppData\Local\Programs\MiKTeX\tex/generic/pgf/basiclayer\pgfco
repathconstruct.code.tex
File: pgfcorepathconstruct.code.tex 2021/05/15 v3.1.9a (3.1.9a)
\pgf@path@lastx=\dimen285
\pgf@path@lasty=\dimen286
)
(C:\Users\Patryk\AppData\Local\Programs\MiKTeX\tex/generic/pgf/basiclayer\pgfco
repathusage.code.tex
File: pgfcorepathusage.code.tex 2021/05/15 v3.1.9a (3.1.9a)
\pgf@shorten@end@additional=\dimen287
\pgf@shorten@start@additional=\dimen288
)
(C:\Users\Patryk\AppData\Local\Programs\MiKTeX\tex/generic/pgf/basiclayer\pgfco
rescopes.code.tex
File: pgfcorescopes.code.tex 2021/05/15 v3.1.9a (3.1.9a)
\pgfpic=\box71
\pgf@hbox=\box72
\pgf@layerbox@main=\box73
\pgf@picture@serial@count=\count318
)
(C:\Users\Patryk\AppData\Local\Programs\MiKTeX\tex/generic/pgf/basiclayer\pgfco
regraphicstate.code.tex
File: pgfcoregraphicstate.code.tex 2021/05/15 v3.1.9a (3.1.9a)
\pgflinewidth=\dimen289
)
(C:\Users\Patryk\AppData\Local\Programs\MiKTeX\tex/generic/pgf/basiclayer\pgfco
retransformations.code.tex
File: pgfcoretransformations.code.tex 2021/05/15 v3.1.9a (3.1.9a)
\pgf@pt@x=\dimen290
\pgf@pt@y=\dimen291
\pgf@pt@temp=\dimen292
)
(C:\Users\Patryk\AppData\Local\Programs\MiKTeX\tex/generic/pgf/basiclayer\pgfco
requick.code.tex
File: pgfcorequick.code.tex 2021/05/15 v3.1.9a (3.1.9a)
)
(C:\Users\Patryk\AppData\Local\Programs\MiKTeX\tex/generic/pgf/basiclayer\pgfco
reobjects.code.tex
File: pgfcoreobjects.code.tex 2021/05/15 v3.1.9a (3.1.9a)
)
(C:\Users\Patryk\AppData\Local\Programs\MiKTeX\tex/generic/pgf/basiclayer\pgfco
repathprocessing.code.tex
File: pgfcorepathprocessing.code.tex 2021/05/15 v3.1.9a (3.1.9a)
)
(C:\Users\Patryk\AppData\Local\Programs\MiKTeX\tex/generic/pgf/basiclayer\pgfco
rearrows.code.tex
File: pgfcorearrows.code.tex 2021/05/15 v3.1.9a (3.1.9a)
\pgfarrowsep=\dimen293
)
(C:\Users\Patryk\AppData\Local\Programs\MiKTeX\tex/generic/pgf/basiclayer\pgfco
reshade.code.tex
File: pgfcoreshade.code.tex 2021/05/15 v3.1.9a (3.1.9a)
\pgf@max=\dimen294
\pgf@sys@shading@range@num=\count319
\pgf@shadingcount=\count320
)
(C:\Users\Patryk\AppData\Local\Programs\MiKTeX\tex/generic/pgf/basiclayer\pgfco
reimage.code.tex
File: pgfcoreimage.code.tex 2021/05/15 v3.1.9a (3.1.9a)

(C:\Users\Patryk\AppData\Local\Programs\MiKTeX\tex/generic/pgf/basiclayer\pgfco
reexternal.code.tex
File: pgfcoreexternal.code.tex 2021/05/15 v3.1.9a (3.1.9a)
\pgfexternal@startupbox=\box74
))
(C:\Users\Patryk\AppData\Local\Programs\MiKTeX\tex/generic/pgf/basiclayer\pgfco
relayers.code.tex
File: pgfcorelayers.code.tex 2021/05/15 v3.1.9a (3.1.9a)
)
(C:\Users\Patryk\AppData\Local\Programs\MiKTeX\tex/generic/pgf/basiclayer\pgfco
retransparency.code.tex
File: pgfcoretransparency.code.tex 2021/05/15 v3.1.9a (3.1.9a)
)
(C:\Users\Patryk\AppData\Local\Programs\MiKTeX\tex/generic/pgf/basiclayer\pgfco
repatterns.code.tex
File: pgfcorepatterns.code.tex 2021/05/15 v3.1.9a (3.1.9a)
)
(C:\Users\Patryk\AppData\Local\Programs\MiKTeX\tex/generic/pgf/basiclayer\pgfco
rerdf.code.tex
File: pgfcorerdf.code.tex 2021/05/15 v3.1.9a (3.1.9a)
)))
(C:\Users\Patryk\AppData\Local\Programs\MiKTeX\tex/generic/pgf/modules\pgfmodul
eshapes.code.tex
File: pgfmoduleshapes.code.tex 2021/05/15 v3.1.9a (3.1.9a)
\pgfnodeparttextbox=\box75
)
(C:\Users\Patryk\AppData\Local\Programs\MiKTeX\tex/generic/pgf/modules\pgfmodul
eplot.code.tex
File: pgfmoduleplot.code.tex 2021/05/15 v3.1.9a (3.1.9a)
)
(C:\Users\Patryk\AppData\Local\Programs\MiKTeX\tex/latex/pgf/compatibility\pgfc
omp-version-0-65.sty
Package: pgfcomp-version-0-65 2021/05/15 v3.1.9a (3.1.9a)
\pgf@nodesepstart=\dimen295
\pgf@nodesepend=\dimen296
)
(C:\Users\Patryk\AppData\Local\Programs\MiKTeX\tex/latex/pgf/compatibility\pgfc
omp-version-1-18.sty
Package: pgfcomp-version-1-18 2021/05/15 v3.1.9a (3.1.9a)
))
(C:\Users\Patryk\AppData\Local\Programs\MiKTeX\tex/latex/pgf/utilities\pgffor.s
ty
(C:\Users\Patryk\AppData\Local\Programs\MiKTeX\tex/latex/pgf/utilities\pgfkeys.
sty
(C:\Users\Patryk\AppData\Local\Programs\MiKTeX\tex/generic/pgf/utilities\pgfkey
s.code.tex))
(C:\Users\Patryk\AppData\Local\Programs\MiKTeX\tex/latex/pgf/math\pgfmath.sty
(C:\Users\Patryk\AppData\Local\Programs\MiKTeX\tex/generic/pgf/math\pgfmath.cod
e.tex))
(C:\Users\Patryk\AppData\Local\Programs\MiKTeX\tex/generic/pgf/utilities\pgffor
.code.tex
Package: pgffor 2021/05/15 v3.1.9a (3.1.9a)

(C:\Users\Patryk\AppData\Local\Programs\MiKTeX\tex/generic/pgf/math\pgfmath.cod
e.tex)
\pgffor@iter=\dimen297
\pgffor@skip=\dimen298
\pgffor@stack=\toks48
\pgffor@toks=\toks49
))
(C:\Users\Patryk\AppData\Local\Programs\MiKTeX\tex/generic/pgf/frontendlayer/ti
kz\tikz.code.tex
Package: tikz 2021/05/15 v3.1.9a (3.1.9a)

(C:\Users\Patryk\AppData\Local\Programs\MiKTeX\tex/generic/pgf/libraries\pgflib
raryplothandlers.code.tex
File: pgflibraryplothandlers.code.tex 2021/05/15 v3.1.9a (3.1.9a)
\pgf@plot@mark@count=\count321
\pgfplotmarksize=\dimen299
)
\tikz@lastx=\dimen300
\tikz@lasty=\dimen301
\tikz@lastxsaved=\dimen302
\tikz@lastysaved=\dimen303
\tikz@lastmovetox=\dimen304
\tikz@lastmovetoy=\dimen305
\tikzleveldistance=\dimen306
\tikzsiblingdistance=\dimen307
\tikz@figbox=\box76
\tikz@figbox@bg=\box77
\tikz@tempbox=\box78
\tikz@tempbox@bg=\box79
\tikztreelevel=\count322
\tikznumberofchildren=\count323
\tikznumberofcurrentchild=\count324
\tikz@fig@count=\count325

(C:\Users\Patryk\AppData\Local\Programs\MiKTeX\tex/generic/pgf/modules\pgfmodul
ematrix.code.tex
File: pgfmodulematrix.code.tex 2021/05/15 v3.1.9a (3.1.9a)
\pgfmatrixcurrentrow=\count326
\pgfmatrixcurrentcolumn=\count327
\pgf@matrix@numberofcolumns=\count328
)
\tikz@expandcount=\count329

(C:\Users\Patryk\AppData\Local\Programs\MiKTeX\tex/generic/pgf/frontendlayer/ti
kz/libraries\tikzlibrarytopaths.code.tex
File: tikzlibrarytopaths.code.tex 2021/05/15 v3.1.9a (3.1.9a)
)))
(C:\Users\Patryk\AppData\Local\Programs\MiKTeX\tex/latex/ragged2e\ragged2e.sty
Package: ragged2e 2021/12/15 v3.1 ragged2e Package
\CenteringLeftskip=\skip82
\RaggedLeftLeftskip=\skip83
\RaggedRightLeftskip=\skip84
\CenteringRightskip=\skip85
\RaggedLeftRightskip=\skip86
\RaggedRightRightskip=\skip87
\CenteringParfillskip=\skip88
\RaggedLeftParfillskip=\skip89
\RaggedRightParfillskip=\skip90
\JustifyingParfillskip=\skip91
\CenteringParindent=\skip92
\RaggedLeftParindent=\skip93
\RaggedRightParindent=\skip94
\JustifyingParindent=\skip95
) (C:\Users\Patryk\AppData\Local\Programs\MiKTeX\tex/latex/blkarray\blkarray.st
y
Package: blkarray 2015/02/27 v0.07 Block array (dpc)
\c@BAenumi=\count330
\BA@col=\count331
\BA@block@cnt=\count332
\BA@final@box=\box80
\BA@first@box=\box81
\BA@colsep=\dimen308
\BA@ftn=\toks50
\BAextrarowheight=\dimen309
\BAextraheightafterhline=\dimen310
\BAarrayrulewidth=\dimen311
\BAdoublerulesep=\dimen312
\BAfootskip=\dimen313
\BA@dashbox=\box82
\BA@ddashbox=\box83
)
(C:\Users\Patryk\AppData\Local\Programs\MiKTeX\tex/latex/shipunov\boldline.sty
Package: boldline 2008/02/04 v0.2 Adjust line width in tables
) (C:\Users\Patryk\AppData\Local\Programs\MiKTeX\tex/latex/makecell\makecell.st
y
Package: makecell 2009/08/03 V0.1e Managing of Tab Column Heads and Cells
\rotheadsize=\dimen314
\c@nlinenum=\count333
\TeXr@lab=\toks51
)
(C:\Users\Patryk\AppData\Local\Programs\MiKTeX\tex/latex/chngcntr\chngcntr.sty
Package: chngcntr 2018/04/09 v1.1a change counter resetting
Package chngcntr Info: \counterwithout already defined.
(chngcntr)             Quitting chngcntr on input line 21.
)
\c@theorem=\count334
\c@proposition=\count335
\c@lemma=\count336
\c@definition=\count337
\c@exm=\count338
\c@theo=\count339
(C:\Users\Patryk\AppData\Local\Programs\MiKTeX\tex/latex/base\latexsym.sty
Package: latexsym 1998/08/17 v2.2e Standard LaTeX package (lasy symbols)
\symlasy=\mathgroup9
LaTeX Font Info:    Overwriting symbol font `lasy' in version `bold'
(Font)                  U/lasy/m/n --> U/lasy/b/n on input line 52.
)
(C:\Users\Patryk\AppData\Local\Programs\MiKTeX\tex/latex/tcolorbox\tcolorbox.st
y
Package: tcolorbox 2022/01/07 version 5.0.2 text color boxes
 (C:\Users\Patryk\AppData\Local\Programs\MiKTeX\tex/latex/tools\verbatim.sty
Package: verbatim 2020-07-07 v1.5u LaTeX2e package for verbatim enhancements
\every@verbatim=\toks52
\verbatim@line=\toks53
\verbatim@in@stream=\read3
)
(C:\Users\Patryk\AppData\Local\Programs\MiKTeX\tex/latex/environ\environ.sty
Package: environ 2014/05/04 v0.3 A new way to define environments

(C:\Users\Patryk\AppData\Local\Programs\MiKTeX\tex/latex/trimspaces\trimspaces.
sty
Package: trimspaces 2009/09/17 v1.1 Trim spaces around a token list
))
\tcb@titlebox=\box84
\tcb@upperbox=\box85
\tcb@lowerbox=\box86
\tcb@phantombox=\box87
\c@tcbbreakpart=\count340
\c@tcblayer=\count341
\c@tcolorbox@number=\count342
\tcb@temp=\box88
\tcb@temp=\box89
\tcb@temp=\box90
\tcb@temp=\box91
)
(C:\Users\Patryk\AppData\Local\Programs\MiKTeX\tex/latex/tcolorbox\tcbtheorems.
code.tex
Library (tcolorbox): 'tcbtheorems.code.tex' version '5.0.2'
)
(C:\Users\Patryk\AppData\Local\Programs\MiKTeX\tex/latex/mdframed\mdframed.sty
Package: mdframed 2013/07/01 1.9b: mdframed

(C:\Users\Patryk\AppData\Local\Programs\MiKTeX\tex/latex/l3packages/xparse\xpar
se.sty
(C:\Users\Patryk\AppData\Local\Programs\MiKTeX\tex/latex/l3kernel\expl3.sty
Package: expl3 2022-02-24 L3 programming layer (loader) 

(C:\Users\Patryk\AppData\Local\Programs\MiKTeX\tex/latex/l3backend\l3backend-pd
ftex.def
File: l3backend-pdftex.def 2022-02-07 L3 backend support: PDF output (pdfTeX)
\l__color_backend_stack_int=\count343
\l__pdf_internal_box=\box92
))
Package: xparse 2022-01-12 L3 Experimental document command parser
)
(C:\Users\Patryk\AppData\Local\Programs\MiKTeX\tex/latex/zref\zref-abspage.sty
Package: zref-abspage 2020-07-03 v2.32 Module abspage for zref (HO)

(C:\Users\Patryk\AppData\Local\Programs\MiKTeX\tex/latex/zref\zref-base.sty
Package: zref-base 2020-07-03 v2.32 Module base for zref (HO)
Package zref Info: New property list: main on input line 764.
Package zref Info: New property: default on input line 765.
Package zref Info: New property: page on input line 766.
)
\c@abspage=\count344
Package zref Info: New property: abspage on input line 66.
)
(C:\Users\Patryk\AppData\Local\Programs\MiKTeX\tex/latex/needspace\needspace.st
y
Package: needspace 2010/09/12 v1.3d reserve vertical space
)
\mdf@templength=\skip96
\c@mdf@globalstyle@cnt=\count345
\mdf@skipabove@length=\skip97
\mdf@skipbelow@length=\skip98
\mdf@leftmargin@length=\skip99
\mdf@rightmargin@length=\skip100
\mdf@innerleftmargin@length=\skip101
\mdf@innerrightmargin@length=\skip102
\mdf@innertopmargin@length=\skip103
\mdf@innerbottommargin@length=\skip104
\mdf@splittopskip@length=\skip105
\mdf@splitbottomskip@length=\skip106
\mdf@outermargin@length=\skip107
\mdf@innermargin@length=\skip108
\mdf@linewidth@length=\skip109
\mdf@innerlinewidth@length=\skip110
\mdf@middlelinewidth@length=\skip111
\mdf@outerlinewidth@length=\skip112
\mdf@roundcorner@length=\skip113
\mdf@footenotedistance@length=\skip114
\mdf@userdefinedwidth@length=\skip115
\mdf@needspace@length=\skip116
\mdf@frametitleaboveskip@length=\skip117
\mdf@frametitlebelowskip@length=\skip118
\mdf@frametitlerulewidth@length=\skip119
\mdf@frametitleleftmargin@length=\skip120
\mdf@frametitlerightmargin@length=\skip121
\mdf@shadowsize@length=\skip122
\mdf@extratopheight@length=\skip123
\mdf@subtitleabovelinewidth@length=\skip124
\mdf@subtitlebelowlinewidth@length=\skip125
\mdf@subtitleaboveskip@length=\skip126
\mdf@subtitlebelowskip@length=\skip127
\mdf@subtitleinneraboveskip@length=\skip128
\mdf@subtitleinnerbelowskip@length=\skip129
\mdf@subsubtitleabovelinewidth@length=\skip130
\mdf@subsubtitlebelowlinewidth@length=\skip131
\mdf@subsubtitleaboveskip@length=\skip132
\mdf@subsubtitlebelowskip@length=\skip133
\mdf@subsubtitleinneraboveskip@length=\skip134
\mdf@subsubtitleinnerbelowskip@length=\skip135

(C:\Users\Patryk\AppData\Local\Programs\MiKTeX\tex/latex/mdframed\md-frame-1.md
f
File: md-frame-1.mdf 2013/07/01\ 1.9b: md-frame-1
)
\mdf@frametitlebox=\box93
\mdf@footnotebox=\box94
\mdf@splitbox@one=\box95
\mdf@splitbox@two=\box96
\mdf@splitbox@save=\box97
\mdfsplitboxwidth=\skip136
\mdfsplitboxtotalwidth=\skip137
\mdfsplitboxheight=\skip138
\mdfsplitboxdepth=\skip139
\mdfsplitboxtotalheight=\skip140
\mdfframetitleboxwidth=\skip141
\mdfframetitleboxtotalwidth=\skip142
\mdfframetitleboxheight=\skip143
\mdfframetitleboxdepth=\skip144
\mdfframetitleboxtotalheight=\skip145
\mdffootnoteboxwidth=\skip146
\mdffootnoteboxtotalwidth=\skip147
\mdffootnoteboxheight=\skip148
\mdffootnoteboxdepth=\skip149
\mdffootnoteboxtotalheight=\skip150
\mdftotallinewidth=\skip151
\mdfboundingboxwidth=\skip152
\mdfboundingboxtotalwidth=\skip153
\mdfboundingboxheight=\skip154
\mdfboundingboxdepth=\skip155
\mdfboundingboxtotalheight=\skip156
\mdf@freevspace@length=\skip157
\mdf@horizontalwidthofbox@length=\skip158
\mdf@verticalmarginwhole@length=\skip159
\mdf@horizontalspaceofbox=\skip160
\mdfsubtitleheight=\skip161
\mdfsubsubtitleheight=\skip162
\c@mdfcountframes=\count346

****** mdframed patching \endmdf@trivlist

****** -- success******

\mdf@envdepth=\count347
\c@mdf@env@i=\count348
\c@mdf@env@ii=\count349
\c@mdf@zref@counter=\count350
Package zref Info: New property: mdf@pagevalue on input line 895.
)
\c@remark=\count351
\c@problem=\count352
Package caption Info: Option `figurewithin=none' requires the `newfloat' packag
e on input line 75.

(C:\Users\Patryk\AppData\Local\Programs\MiKTeX\tex/latex/newfloat\newfloat.sty
Package: newfloat 2019/09/02 v1.1l Defining new floating environments (AR)
Package newfloat Info: Document class `book' detected (Hy).
)))
LaTeX Font Info:    Trying to load font information for T1+ptm on input line 2.

 (C:\Users\Patryk\AppData\Local\Programs\MiKTeX\tex/latex/psnfss\t1ptm.fd
File: t1ptm.fd 2001/06/04 font definitions for T1/ptm.
)

LaTeX Warning: Unused global option(s):
    [8pt].

(ch1.aux)
\openout1 = `ch1.aux'.

LaTeX Font Info:    Checking defaults for OML/cmm/m/it on input line 2.
LaTeX Font Info:    ... okay on input line 2.
LaTeX Font Info:    Checking defaults for OMS/cmsy/m/n on input line 2.
LaTeX Font Info:    ... okay on input line 2.
LaTeX Font Info:    Checking defaults for OT1/cmr/m/n on input line 2.
LaTeX Font Info:    ... okay on input line 2.
LaTeX Font Info:    Checking defaults for T1/cmr/m/n on input line 2.
LaTeX Font Info:    ... okay on input line 2.
LaTeX Font Info:    Checking defaults for TS1/cmr/m/n on input line 2.
LaTeX Font Info:    ... okay on input line 2.
LaTeX Font Info:    Checking defaults for OMX/cmex/m/n on input line 2.
LaTeX Font Info:    ... okay on input line 2.
LaTeX Font Info:    Checking defaults for U/cmr/m/n on input line 2.
LaTeX Font Info:    ... okay on input line 2.
LaTeX Font Info:    Checking defaults for PD1/pdf/m/n on input line 2.
LaTeX Font Info:    ... okay on input line 2.
LaTeX Font Info:    Checking defaults for PU/pdf/m/n on input line 2.
LaTeX Font Info:    ... okay on input line 2.

(C:\Users\Patryk\AppData\Local\Programs\MiKTeX\tex/context/base/mkii\supp-pdf.m
kii
[Loading MPS to PDF converter (version 2006.09.02).]
\scratchcounter=\count353
\scratchdimen=\dimen315
\scratchbox=\box98
\nofMPsegments=\count354
\nofMParguments=\count355
\everyMPshowfont=\toks54
\MPscratchCnt=\count356
\MPscratchDim=\dimen316
\MPnumerator=\count357
\makeMPintoPDFobject=\count358
\everyMPtoPDFconversion=\toks55
)
(C:\Users\Patryk\AppData\Local\Programs\MiKTeX\tex/latex/epstopdf-pkg\epstopdf-
base.sty
Package: epstopdf-base 2020-01-24 v2.11 Base part for package epstopdf
Package epstopdf-base Info: Redefining graphics rule for `.eps' on input line 4
85.

(C:\Users\Patryk\AppData\Local\Programs\MiKTeX\tex/latex/00miktex\epstopdf-sys.
cfg
File: epstopdf-sys.cfg 2021/03/18 v2.0 Configuration of epstopdf for MiKTeX
))
\c@lstlisting=\count359

*geometry* driver: auto-detecting
*geometry* detected driver: pdftex
*geometry* verbose mode - [ preamble ] result:
* driver: pdftex
* paper: a4paper
* layout: <same size as paper>
* layoutoffset:(h,v)=(0.0pt,0.0pt)
* modes: twoside 
* h-part:(L,W,R)=(56.9055pt, 483.69687pt, 56.9055pt)
* v-part:(T,H,B)=(56.9055pt, 759.6886pt, 28.45274pt)
* \paperwidth=597.50787pt
* \paperheight=845.04684pt
* \textwidth=483.69687pt
* \textheight=759.6886pt
* \oddsidemargin=-15.36449pt
* \evensidemargin=-15.36449pt
* \topmargin=-45.43198pt
* \headheight=12.0pt
* \headsep=18.06749pt
* \topskip=10.0pt
* \footskip=33.0053pt
* \marginparwidth=125.0pt
* \marginparsep=7.0pt
* \columnsep=10.0pt
* \skip\footins=9.0pt plus 4.0pt minus 2.0pt
* \hoffset=0.0pt
* \voffset=0.0pt
* \mag=1000
* \@twocolumnfalse
* \@twosidetrue
* \@mparswitchtrue
* \@reversemarginfalse
* (1in=72.27pt=25.4mm, 1cm=28.453pt)

Package hyperref Info: Link coloring OFF on input line 2.
(C:\Users\Patryk\AppData\Local\Programs\MiKTeX\tex/latex/hyperref\nameref.sty
Package: nameref 2021-04-02 v2.47 Cross-referencing by name of section

(C:\Users\Patryk\AppData\Local\Programs\MiKTeX\tex/latex/refcount\refcount.sty
Package: refcount 2019/12/15 v3.6 Data extraction from label references (HO)
)
\c@section@level=\count360
)
LaTeX Info: Redefining \ref on input line 2.
LaTeX Info: Redefining \pageref on input line 2.
LaTeX Info: Redefining \nameref on input line 2.
 (ch1.out) (ch1.out)
\@outlinefile=\write4
\openout4 = `ch1.out'.

Package caption Info: Begin \AtBeginDocument code.
Package caption Info: End \AtBeginDocument code.
Package newfloat Info: `float' package detected.
<../figi//img_1.png, id=499, 354.57469pt x 349.305pt>
File: ../figi//img_1.png Graphic file (type png)
<use ../figi//img_1.png>
Package pdftex.def Info: ../figi//img_1.png  used on input line 13.
(pdftex.def)             Requested size: 338.58632pt x 333.56476pt.
LaTeX Font Info:    Trying to load font information for OT1+ztmcm on input line
 19.

(C:\Users\Patryk\AppData\Local\Programs\MiKTeX\tex/latex/psnfss\ot1ztmcm.fd
File: ot1ztmcm.fd 2000/01/03 Fontinst v1.801 font definitions for OT1/ztmcm.
)
LaTeX Font Info:    Trying to load font information for OML+ztmcm on input line
 19.

(C:\Users\Patryk\AppData\Local\Programs\MiKTeX\tex/latex/psnfss\omlztmcm.fd
File: omlztmcm.fd 2000/01/03 Fontinst v1.801 font definitions for OML/ztmcm.
)
LaTeX Font Info:    Trying to load font information for OMS+ztmcm on input line
 19.

(C:\Users\Patryk\AppData\Local\Programs\MiKTeX\tex/latex/psnfss\omsztmcm.fd
File: omsztmcm.fd 2000/01/03 Fontinst v1.801 font definitions for OMS/ztmcm.
)
LaTeX Font Info:    Trying to load font information for OMX+ztmcm on input line
 19.

(C:\Users\Patryk\AppData\Local\Programs\MiKTeX\tex/latex/psnfss\omxztmcm.fd
File: omxztmcm.fd 2000/01/03 Fontinst v1.801 font definitions for OMX/ztmcm.
)
LaTeX Font Info:    Trying to load font information for OT1+ptm on input line 1
9.

(C:\Users\Patryk\AppData\Local\Programs\MiKTeX\tex/latex/psnfss\ot1ptm.fd
File: ot1ptm.fd 2001/06/04 font definitions for OT1/ptm.
)
LaTeX Font Info:    Font shape `OT1/ptm/bx/n' in size <10> not available
(Font)              Font shape `OT1/ptm/b/n' tried instead on input line 19.
LaTeX Font Info:    Font shape `OT1/ptm/bx/n' in size <7.4> not available
(Font)              Font shape `OT1/ptm/b/n' tried instead on input line 19.
LaTeX Font Info:    Font shape `OT1/ptm/bx/n' in size <6> not available
(Font)              Font shape `OT1/ptm/b/n' tried instead on input line 19.
LaTeX Font Info:    Trying to load font information for OMX+yhex on input line 
19.

(C:\Users\Patryk\AppData\Local\Programs\MiKTeX\tex/latex/yhmath\omxyhex.fd
File: OMXyhex.fd 
File: OMXyhex.fd 2013/07/03 v1.1 YH's humble contribution to TeX maths (NP)
)
LaTeX Font Info:    Trying to load font information for U+lasy on input line 19
.

(C:\Users\Patryk\AppData\Local\Programs\MiKTeX\tex/latex/base\ulasy.fd
File: ulasy.fd 1998/08/17 v2.2e LaTeX symbol font definitions
)

Package hyperref Warning: Token not allowed in a PDF string (Unicode):
(hyperref)                removing `\<let>-command' on input line 27.


Package hyperref Warning: Token not allowed in a PDF string (Unicode):
(hyperref)                removing `\@currsize' on input line 27.


Package hyperref Warning: Token not allowed in a PDF string (Unicode):
(hyperref)                removing `\abovedisplayskip' on input line 27.


Package hyperref Warning: Token not allowed in a PDF string (Unicode):
(hyperref)                removing `\p@' on input line 27.


Package hyperref Warning: Token not allowed in a PDF string (Unicode):
(hyperref)                removing `\p@' on input line 27.


Package hyperref Warning: Token not allowed in a PDF string (Unicode):
(hyperref)                removing `\p@' on input line 27.


Package hyperref Warning: Token not allowed in a PDF string (Unicode):
(hyperref)                removing `\abovedisplayshortskip' on input line 27.


Package hyperref Warning: Token not allowed in a PDF string (Unicode):
(hyperref)                removing `\z@' on input line 27.


Package hyperref Warning: Token not allowed in a PDF string (Unicode):
(hyperref)                removing `\p@' on input line 27.


Package hyperref Warning: Token not allowed in a PDF string (Unicode):
(hyperref)                removing `\belowdisplayshortskip' on input line 27.


Package hyperref Warning: Token not allowed in a PDF string (Unicode):
(hyperref)                removing `\p@' on input line 27.


Package hyperref Warning: Token not allowed in a PDF string (Unicode):
(hyperref)                removing `\p@' on input line 27.


Package hyperref Warning: Token not allowed in a PDF string (Unicode):
(hyperref)                removing `\p@' on input line 27.


Package hyperref Warning: Token not allowed in a PDF string (Unicode):
(hyperref)                removing `\<def>-command' on input line 27.


Package hyperref Warning: Token not allowed in a PDF string (Unicode):
(hyperref)                removing `\@listi' on input line 27.


Package hyperref Warning: Token not allowed in a PDF string (Unicode):
(hyperref)                removing `\belowdisplayskip' on input line 27.


Package hyperref Warning: Token not allowed in a PDF string (Unicode):
(hyperref)                removing `\abovedisplayskip' on input line 27.

[1{C:/Users/Patryk/AppData/Local/MiKTeX/fonts/map/pdftex/pdftex.map}

 <../figi//img_1.png>]

Package hyperref Warning: Token not allowed in a PDF string (Unicode):
(hyperref)                removing `\<let>-command' on input line 27.


Package hyperref Warning: Token not allowed in a PDF string (Unicode):
(hyperref)                removing `\@currsize' on input line 27.


Package hyperref Warning: Token not allowed in a PDF string (Unicode):
(hyperref)                removing `\abovedisplayskip' on input line 27.


Package hyperref Warning: Token not allowed in a PDF string (Unicode):
(hyperref)                removing `\p@' on input line 27.


Package hyperref Warning: Token not allowed in a PDF string (Unicode):
(hyperref)                removing `\p@' on input line 27.


Package hyperref Warning: Token not allowed in a PDF string (Unicode):
(hyperref)                removing `\p@' on input line 27.


Package hyperref Warning: Token not allowed in a PDF string (Unicode):
(hyperref)                removing `\abovedisplayshortskip' on input line 27.


Package hyperref Warning: Token not allowed in a PDF string (Unicode):
(hyperref)                removing `\z@' on input line 27.


Package hyperref Warning: Token not allowed in a PDF string (Unicode):
(hyperref)                removing `\p@' on input line 27.


Package hyperref Warning: Token not allowed in a PDF string (Unicode):
(hyperref)                removing `\belowdisplayshortskip' on input line 27.


Package hyperref Warning: Token not allowed in a PDF string (Unicode):
(hyperref)                removing `\p@' on input line 27.


Package hyperref Warning: Token not allowed in a PDF string (Unicode):
(hyperref)                removing `\p@' on input line 27.


Package hyperref Warning: Token not allowed in a PDF string (Unicode):
(hyperref)                removing `\p@' on input line 27.


Package hyperref Warning: Token not allowed in a PDF string (Unicode):
(hyperref)                removing `\<def>-command' on input line 27.


Package hyperref Warning: Token not allowed in a PDF string (Unicode):
(hyperref)                removing `\@listi' on input line 27.


Package hyperref Warning: Token not allowed in a PDF string (Unicode):
(hyperref)                removing `\belowdisplayskip' on input line 27.


Package hyperref Warning: Token not allowed in a PDF string (Unicode):
(hyperref)                removing `\abovedisplayskip' on input line 27.

[2

]
Chapter 1.
<../figi//img_2.png, id=523, 365.86688pt x 387.69844pt>
File: ../figi//img_2.png Graphic file (type png)
<use ../figi//img_2.png>
Package pdftex.def Info: ../figi//img_2.png  used on input line 58.
(pdftex.def)             Requested size: 338.58632pt x 358.81065pt.

pdfTeX warning (ext4): destination with the same identifier (name{page.1}) has 
been already used, duplicate ignored
<to be read again> 
                   \relax 
l.64 	\end{equation}
                     [1 <../figi//img_2.png>]
pdfTeX warning (ext4): destination with the same identifier (name{page.2}) has 
been already used, duplicate ignored
<to be read again> 
                   \relax 
l.132 	$$
          [2] [3]
LaTeX Font Info:    Trying to load font information for U+eus on input line 233
.

(C:\Users\Patryk\AppData\Local\Programs\MiKTeX\tex/latex/amsfonts\ueus.fd
File: ueus.fd 2013/01/14 v3.01 Euler Script
)
[4]
Chapter 2.
[5

]
<../figi//img_3.png, id=613, 341.77687pt x 274.02374pt>
File: ../figi//img_3.png Graphic file (type png)
<use ../figi//img_3.png>
Package pdftex.def Info: ../figi//img_3.png  used on input line 343.
(pdftex.def)             Requested size: 338.58632pt x 271.48503pt.

Underfull \vbox (badness 1584) has occurred while \output is active []

 [6]
LaTeX Font Info:    Trying to load font information for T1+pcr on input line 35
4.

(C:\Users\Patryk\AppData\Local\Programs\MiKTeX\tex/latex/psnfss\t1pcr.fd
File: t1pcr.fd 2001/06/04 font definitions for T1/pcr.
)
[7 <../figi//img_3.png>]
LaTeX Font Info:    Trying to load font information for TS1+ptm on input line 4
52.

(C:\Users\Patryk\AppData\Local\Programs\MiKTeX\tex/latex/psnfss\ts1ptm.fd
File: ts1ptm.fd 2001/06/04 font definitions for TS1/ptm.
)
Overfull \hbox (52.50894pt too wide) in paragraph at lines 452--453
[]\T1/ptm/m/n/10 Column 2: The ma-trix and vec-tor are con-verted to the data s
truc-ture sympy .mp-math.fp.matrix and the sympy.mpmath.fp.lu_solve
 []

[8]
<../figi//img_4.png, id=686, 344.78813pt x 268.00125pt>
File: ../figi//img_4.png Graphic file (type png)
<use ../figi//img_4.png>
Package pdftex.def Info: ../figi//img_4.png  used on input line 464.
(pdftex.def)             Requested size: 338.58632pt x 263.1833pt.
 [9 <../figi//img_4.png>]
<../figi//img_5.png, id=698, 405.01312pt x 157.33781pt>
File: ../figi//img_5.png Graphic file (type png)
<use ../figi//img_5.png>
Package pdftex.def Info: ../figi//img_5.png  used on input line 498.
(pdftex.def)             Requested size: 338.58632pt x 131.53624pt.
<../figi//img_6.png, id=701, 399.74344pt x 152.06813pt>
File: ../figi//img_6.png Graphic file (type png)
<use ../figi//img_6.png>
Package pdftex.def Info: ../figi//img_6.png  used on input line 514.
(pdftex.def)             Requested size: 338.58632pt x 128.81067pt.
 [10 <../figi//img_5.png> <../figi//img_6.png>]
[11]
Underfull \hbox (badness 10000) in paragraph at lines 650--656

 []

[12]
<../figi//img_7.png, id=845, 405.01312pt x 152.06813pt>
File: ../figi//img_7.png Graphic file (type png)
<use ../figi//img_7.png>
Package pdftex.def Info: ../figi//img_7.png  used on input line 702.
(pdftex.def)             Requested size: 338.58632pt x 127.13072pt.
 [13 <../figi//img_7.png>]
<../figi//img_8.png, id=876, 398.23781pt x 150.5625pt>
File: ../figi//img_8.png Graphic file (type png)
<use ../figi//img_8.png>
Package pdftex.def Info: ../figi//img_8.png  used on input line 794.
(pdftex.def)             Requested size: 338.58632pt x 128.01547pt.

Underfull \vbox (badness 10000) has occurred while \output is active []

 [14]
<../figi//img_9.png, id=937, 397.485pt x 154.32657pt>
File: ../figi//img_9.png Graphic file (type png)
<use ../figi//img_9.png>
Package pdftex.def Info: ../figi//img_9.png  used on input line 829.
(pdftex.def)             Requested size: 338.58632pt x 131.46312pt.

Underfull \vbox (badness 10000) has occurred while \output is active []

 [15 <../figi//img_8.png>]
<../figi//img_10.png, id=964, 339.51843pt x 259.7203pt>
File: ../figi//img_10.png Graphic file (type png)
<use ../figi//img_10.png>
Package pdftex.def Info: ../figi//img_10.png  used on input line 847.
(pdftex.def)             Requested size: 338.58632pt x 259.0182pt.
<../figi//img_11.png, id=965, 671.50874pt x 264.23718pt>
File: ../figi//img_11.png Graphic file (type png)
<use ../figi//img_11.png>
Package pdftex.def Info: ../figi//img_11.png  used on input line 854.
(pdftex.def)             Requested size: 338.58632pt x 133.23106pt.

Underfull \vbox (badness 10000) has occurred while \output is active []

 [16 <../figi//img_9.png> <../figi//img_10.png>]
<../figi//img_12.png, id=983, 578.91281pt x 447.92343pt>
File: ../figi//img_12.png Graphic file (type png)
<use ../figi//img_12.png>
Package pdftex.def Info: ../figi//img_12.png  used on input line 873.
(pdftex.def)             Requested size: 338.58632pt x 261.97606pt.
 [17 <../figi//img_11.png> <../figi//img_12.png>] [18

]
Chapter 3.
<../figi//img_13.png, id=1020, 264.99pt x 209.28188pt>
File: ../figi//img_13.png Graphic file (type png)
<use ../figi//img_13.png>
Package pdftex.def Info: ../figi//img_13.png  used on input line 892.
(pdftex.def)             Requested size: 338.58632pt x 267.42639pt.
<../figi//img_14.png, id=1023, 260.47313pt x 213.04594pt>
File: ../figi//img_14.png Graphic file (type png)
<use ../figi//img_14.png>
Package pdftex.def Info: ../figi//img_14.png  used on input line 912.
(pdftex.def)             Requested size: 338.58632pt x 276.93692pt.
[19 <../figi//img_13.png>]
<../figi//img_15.png, id=1032, 288.3272pt x 144.54pt>
File: ../figi//img_15.png Graphic file (type png)
<use ../figi//img_15.png>
Package pdftex.def Info: ../figi//img_15.png  used on input line 919.
(pdftex.def)             Requested size: 338.58632pt x 169.74187pt.
<../figi//img_16.png, id=1034, 286.82156pt x 169.38281pt>
File: ../figi//img_16.png Graphic file (type png)
<use ../figi//img_16.png>
Package pdftex.def Info: ../figi//img_16.png  used on input line 930.
(pdftex.def)             Requested size: 338.58632pt x 199.95784pt.

Underfull \vbox (badness 10000) has occurred while \output is active []

 [20 <../figi//img_14.png> <../figi//img_15.png>]
<../figi//img_17.png, id=1044, 286.06876pt x 164.11313pt>
File: ../figi//img_17.png Graphic file (type png)
<use ../figi//img_17.png>
Package pdftex.def Info: ../figi//img_17.png  used on input line 961.
(pdftex.def)             Requested size: 338.58632pt x 194.24529pt.
 [21 <../figi//img_16.png> <../figi//img_17.png>]
<../figi//img_18.png, id=1060, 274.02374pt x 215.30438pt>
File: ../figi//img_18.png Graphic file (type png)
<use ../figi//img_18.png>
Package pdftex.def Info: ../figi//img_18.png  used on input line 989.
(pdftex.def)             Requested size: 338.58632pt x 266.0515pt.
<../figi//img_19.png, id=1064, 282.30469pt x 165.61874pt>
File: ../figi//img_19.png Graphic file (type png)
<use ../figi//img_19.png>
Package pdftex.def Info: ../figi//img_19.png  used on input line 1010.
(pdftex.def)             Requested size: 338.58632pt x 198.65303pt.
 [22 <../figi//img_18.png>]
<../figi//img_20.png, id=1077, 271.0125pt x 213.79875pt>
File: ../figi//img_20.png Graphic file (type png)
<use ../figi//img_20.png>
Package pdftex.def Info: ../figi//img_20.png  used on input line 1030.
(pdftex.def)             Requested size: 338.58632pt x 267.11728pt.

Underfull \vbox (badness 10000) has occurred while \output is active []

 [23 <../figi//img_19.png>]
<../figi//img_21.png, id=1090, 274.77657pt x 215.30438pt>
File: ../figi//img_21.png Graphic file (type png)
<use ../figi//img_21.png>
Package pdftex.def Info: ../figi//img_21.png  used on input line 1051.
(pdftex.def)             Requested size: 338.58632pt x 265.32545pt.

Underfull \vbox (badness 10000) has occurred while \output is active []

 [24 <../figi//img_20.png>]
<../figi//img_22.png, id=1106, 283.0575pt x 140.77594pt>
File: ../figi//img_22.png Graphic file (type png)
<use ../figi//img_22.png>
Package pdftex.def Info: ../figi//img_22.png  used on input line 1085.
(pdftex.def)             Requested size: 338.58632pt x 168.40613pt.

Underfull \vbox (badness 10000) has occurred while \output is active []

 [25 <../figi//img_21.png>]
<../figi//img_23.png, id=1125, 289.08pt x 137.7647pt>
File: ../figi//img_23.png Graphic file (type png)
<use ../figi//img_23.png>
Package pdftex.def Info: ../figi//img_23.png  used on input line 1127.
(pdftex.def)             Requested size: 338.58632pt x 161.3648pt.
<../figi//img_24.png, id=1126, 289.08pt x 138.5175pt>
File: ../figi//img_24.png Graphic file (type png)
<use ../figi//img_24.png>
Package pdftex.def Info: ../figi//img_24.png  used on input line 1134.
(pdftex.def)             Requested size: 338.58632pt x 162.24658pt.
 [26 <../figi//img_22.png>]
<../figi//img_25.png, id=1136, 354.57469pt x 134.00063pt>
File: ../figi//img_25.png Graphic file (type png)
<use ../figi//img_25.png>
Package pdftex.def Info: ../figi//img_25.png  used on input line 1165.
(pdftex.def)             Requested size: 338.58632pt x 127.96233pt.
 [27 <../figi//img_23.png> <../figi//img_24.png> <../figi//img_25.png>]
<../figi//img_26.png, id=1149, 352.31625pt x 274.02374pt>
File: ../figi//img_26.png Graphic file (type png)
<use ../figi//img_26.png>
Package pdftex.def Info: ../figi//img_26.png  used on input line 1202.
(pdftex.def)             Requested size: 338.58632pt x 263.34413pt.
<../figi//img_27.png, id=1151, 337.26pt x 337.26pt>
File: ../figi//img_27.png Graphic file (type png)
<use ../figi//img_27.png>
Package pdftex.def Info: ../figi//img_27.png  used on input line 1213.
(pdftex.def)             Requested size: 338.58632pt x 338.59203pt.
 [28 <../figi//img_26.png>]
<../figi//img_28.png, id=1163, 349.305pt x 246.9225pt>
File: ../figi//img_28.png Graphic file (type png)
<use ../figi//img_28.png>
Package pdftex.def Info: ../figi//img_28.png  used on input line 1237.
(pdftex.def)             Requested size: 338.58632pt x 239.36003pt.

Underfull \vbox (badness 10000) has occurred while \output is active []

 [29 <../figi//img_27.png>] [30 <../figi//img_28.png>]
Package mdframed Info: mdframed works in twoside mode on input line 1304.
Package mdframed Info: mdframed detected package amsthm 
 changed the theorem header of amsthm
(mdframed)              on input line 1304.
 [31] [32]
Chapter 4.
[33

] [34] [35] [36]
<../figi//img_29.png, id=1438, 353.82187pt x 283.81032pt>
File: ../figi//img_29.png Graphic file (type png)
<use ../figi//img_29.png>
Package pdftex.def Info: ../figi//img_29.png  used on input line 1693.
(pdftex.def)             Requested size: 338.58632pt x 271.59302pt.

Underfull \vbox (badness 10000) has occurred while \output is active []

 [37]
<../figi//img_30.png, id=1457, 328.97906pt x 120.45pt>
File: ../figi//img_30.png Graphic file (type png)
<use ../figi//img_30.png>
Package pdftex.def Info: ../figi//img_30.png  used on input line 1713.
(pdftex.def)             Requested size: 338.58632pt x 123.9693pt.
<../figi//img_31.png, id=1458, 329.73187pt x 123.46124pt>
File: ../figi//img_31.png Graphic file (type png)
<use ../figi//img_31.png>
Package pdftex.def Info: ../figi//img_31.png  used on input line 1720.
(pdftex.def)             Requested size: 338.58632pt x 126.78029pt.

Underfull \vbox (badness 10000) has occurred while \output is active []

 [38 <../figi//img_29.png> <../figi//img_30.png>] [39 <../figi//img_31.png>] [4
0

]
Chapter 5.
[41] [42] [43] [44

]
Chapter 6.
[45]
<../figi//img_32.png, id=1521, 336.50719pt x 127.97812pt>
File: ../figi//img_32.png Graphic file (type png)
<use ../figi//img_32.png>
Package pdftex.def Info: ../figi//img_32.png  used on input line 1937.
(pdftex.def)             Requested size: 338.58632pt x 128.77061pt.
 [46]
Package mdframed Info: mdframed works in twoside mode on input line 1967.
Package mdframed Info: mdframed detected package amsthm 
 changed the theorem header of amsthm
(mdframed)              on input line 1967.
 [47 <../figi//img_32.png>] [48]
Chapter 7.
[49

] [50

]
Chapter 8.
Package mdframed Info: mdframed works in twoside mode on input line 2095.
Package mdframed Info: mdframed detected package amsthm 
 changed the theorem header of amsthm
(mdframed)              on input line 2095.
[51] [52]
<../figi//img_33.png, id=1622, 334.24875pt x 117.43875pt>
File: ../figi//img_33.png Graphic file (type png)
<use ../figi//img_33.png>
Package pdftex.def Info: ../figi//img_33.png  used on input line 2221.
(pdftex.def)             Requested size: 338.58632pt x 118.97237pt.
 [53 <../figi//img_33.png>]
Package mdframed Info: mdframed works in twoside mode on input line 2306.
Package mdframed Info: mdframed detected package amsthm 
 changed the theorem header of amsthm
(mdframed)              on input line 2306.
 [54]
Chapter 9.
<../figi//img_34.png, id=1684, 328.97906pt x 75.28125pt>
File: ../figi//img_34.png Graphic file (type png)
<use ../figi//img_34.png>
Package pdftex.def Info: ../figi//img_34.png  used on input line 2316.
(pdftex.def)             Requested size: 338.58632pt x 77.4808pt.
<../figi//img_35.png, id=1685, 224.33812pt x 211.54031pt>
File: ../figi//img_35.png Graphic file (type png)
<use ../figi//img_35.png>
Package pdftex.def Info: ../figi//img_35.png  used on input line 2322.
(pdftex.def)             Requested size: 338.58632pt x 319.30447pt.

Underfull \vbox (badness 10000) has occurred while \output is active []

 [55

 <../figi//img_34.png> <../figi//img_35.png>]
<../figi//img_36.png, id=1697, 271.0125pt x 109.91063pt>
File: ../figi//img_36.png Graphic file (type png)
<use ../figi//img_36.png>
Package pdftex.def Info: ../figi//img_36.png  used on input line 2333.
(pdftex.def)             Requested size: 338.58632pt x 137.32083pt.
<../figi//img_37.png, id=1698, 257.46187pt x 203.25937pt>
File: ../figi//img_37.png Graphic file (type png)
<use ../figi//img_37.png>
Package pdftex.def Info: ../figi//img_37.png  used on input line 2347.
(pdftex.def)             Requested size: 338.58632pt x 267.32932pt.

Underfull \vbox (badness 10000) has occurred while \output is active []

 [56 <../figi//img_36.png>]
Overfull \hbox (23.72865pt too wide) in paragraph at lines 2366--2367
[]\T1/ptm/m/n/10 The gen-er-al-iza-tion to $\OT1/ztmcm/m/n/10 3D$ \T1/ptm/m/n/1
0 is straight-for-ward: the ref-er-ence el-e-ment is a []tetra-he-dron[] with v
er-tices $\OT1/ztmcm/m/n/10 (0\OML/ztmcm/m/it/10 ; \OT1/ztmcm/m/n/10 0\OML/ztmc
m/m/it/10 ; \OT1/ztmcm/m/n/10 0)\OML/ztmcm/m/it/10 ; \OT1/ztmcm/m/n/10 (1\OML/z
tmcm/m/it/10 ; \OT1/ztmcm/m/n/10 0\OML/ztmcm/m/it/10 ; \OT1/ztmcm/m/n/10 0)\OML
/ztmcm/m/it/10 ; \OT1/ztmcm/m/n/10 (0\OML/ztmcm/m/it/10 ; \OT1/ztmcm/m/n/10 1\O
ML/ztmcm/m/it/10 ; \OT1/ztmcm/m/n/10 0)$\T1/ptm/m/n/10 ,
 []

<../figi//img_38.png, id=1712, 288.3272pt x 199.49532pt>
File: ../figi//img_38.png Graphic file (type png)
<use ../figi//img_38.png>
Package pdftex.def Info: ../figi//img_38.png  used on input line 2371.
(pdftex.def)             Requested size: 338.58632pt x 234.27916pt.
<../figi//img_39.png, id=1713, 156.585pt x 146.79843pt>
File: ../figi//img_39.png Graphic file (type png)
<use ../figi//img_39.png>
Package pdftex.def Info: ../figi//img_39.png  used on input line 2378.
(pdftex.def)             Requested size: 338.58632pt x 317.46738pt.

Underfull \vbox (badness 10000) has occurred while \output is active []

 [57 <../figi//img_37.png>]
<../figi//img_40.png, id=1732, 146.04562pt x 145.29282pt>
File: ../figi//img_40.png Graphic file (type png)
<use ../figi//img_40.png>
Package pdftex.def Info: ../figi//img_40.png  used on input line 2394.
(pdftex.def)             Requested size: 338.58632pt x 336.87114pt.
<../figi//img_41.png, id=1733, 447.17062pt x 294.34969pt>
File: ../figi//img_41.png Graphic file (type png)
<use ../figi//img_41.png>
Package pdftex.def Info: ../figi//img_41.png  used on input line 2400.
(pdftex.def)             Requested size: 338.58632pt x 222.87717pt.

Underfull \vbox (badness 10000) has occurred while \output is active []

 [58 <../figi//img_38.png> <../figi//img_39.png>]
<../figi//img_42.png, id=1740, 462.22687pt x 176.91093pt>
File: ../figi//img_42.png Graphic file (type png)
<use ../figi//img_42.png>
Package pdftex.def Info: ../figi//img_42.png  used on input line 2413.
(pdftex.def)             Requested size: 338.58632pt x 129.58931pt.
 [59 <../figi//img_40.png> <../figi//img_41.png>]
<../figi//img_43.png, id=1749, 450.18187pt x 148.30406pt>
File: ../figi//img_43.png Graphic file (type png)
<use ../figi//img_43.png>
Package pdftex.def Info: ../figi//img_43.png  used on input line 2419.
(pdftex.def)             Requested size: 338.58632pt x 111.54683pt.
<../figi//img_44.png, id=1754, 392.96812pt x 222.8325pt>
File: ../figi//img_44.png Graphic file (type png)
<use ../figi//img_44.png>
Package pdftex.def Info: ../figi//img_44.png  used on input line 2437.
(pdftex.def)             Requested size: 338.58632pt x 192.00963pt.
<../figi//img_45.png, id=1755, 395.22656pt x 218.31563pt>
File: ../figi//img_45.png Graphic file (type png)
<use ../figi//img_45.png>
Package pdftex.def Info: ../figi//img_45.png  used on input line 2443.
(pdftex.def)             Requested size: 338.58632pt x 187.03156pt.
 [60 <../figi//img_42.png> <../figi//img_43.png> <../figi//img_44.png>] [61 <..
/figi//img_45.png>] [62

]
Chapter 10.

Overfull \hbox (11.08275pt too wide) in paragraph at lines 2486--2486
|\T1/ptm/b/sc/16 Exercise 4: Ap-prox-i-mate the ex-po-nen-tial func-tion by pow
er
 []

[63]
Overfull \hbox (9.0825pt too wide) in paragraph at lines 2522--2522
|\T1/ptm/b/sc/16 Exercise 9: Ap-prox-i-mate a steep func-tion by La-grange poly
-
 []

[64]
LaTeX Font Info:    Calculating math sizes for size <16> on input line 2551.
LaTeX Font Info:    Font shape `OT1/ptm/bx/n' in size <16> not available
(Font)              Font shape `OT1/ptm/b/n' tried instead on input line 2551.
LaTeX Font Info:    Font shape `OT1/ptm/bx/n' in size <11.84009> not available
(Font)              Font shape `OT1/ptm/b/n' tried instead on input line 2551.
LaTeX Font Info:    Font shape `OT1/ptm/bx/n' in size <9.6001> not available
(Font)              Font shape `OT1/ptm/b/n' tried instead on input line 2551.


LaTeX Font Warning: Font shape `U/lasy/m/n' in size <16> not available
(Font)              size <17.28> substituted on input line 2551.

[65] [66]
Chapter 11.
[90

]
Package mdframed Info: mdframed works in twoside mode on input line 2724.
Package mdframed Info: mdframed detected package amsthm 
 changed the theorem header of amsthm
(mdframed)              on input line 2724.
 [91] [92]
Package mdframed Info: mdframed works in twoside mode on input line 2887.
Package mdframed Info: mdframed detected package amsthm 
 changed the theorem header of amsthm
(mdframed)              on input line 2887.
Package mdframed Info: mdframed works in twoside mode on input line 2899.
Package mdframed Info: mdframed detected package amsthm 
 changed the theorem header of amsthm
(mdframed)              on input line 2899.
<../figi//img_46.png, id=1884, 639.89063pt x 488.57532pt>
File: ../figi//img_46.png Graphic file (type png)
<use ../figi//img_46.png>
Package pdftex.def Info: ../figi//img_46.png  used on input line 2921.
(pdftex.def)             Requested size: 338.58632pt x 258.5262pt.
 [93] [94 <../figi//img_46.png>] [95] [96]
Package mdframed Info: mdframed works in twoside mode on input line 3143.
Package mdframed Info: mdframed detected package amsthm 
 changed the theorem header of amsthm
(mdframed)              on input line 3143.
 [97] [98]
Chapter 12.

pdfTeX warning (ext4): destination with the same identifier (name{page.90}) has
 been already used, duplicate ignored
<to be read again> 
                   \relax 
l.3294 		$$
            [90

]
Package mdframed Info: mdframed works in twoside mode on input line 3333.
Package mdframed Info: mdframed detected package amsthm 
 changed the theorem header of amsthm
(mdframed)              on input line 3333.

pdfTeX warning (ext4): destination with the same identifier (name{page.91}) has
 been already used, duplicate ignored
<to be read again> 
                   \relax 
l.3357 		$$
            [91]
pdfTeX warning (ext4): destination with the same identifier (name{page.92}) has
 been already used, duplicate ignored
<to be read again> 
                   \relax 
l.3430 		$$
            [92]
pdfTeX warning (ext4): destination with the same identifier (name{page.93}) has
 been already used, duplicate ignored
<to be read again> 
                   \relax 
l.3452 	\chapter
                {Computing with finite elements} [93]
pdfTeX warning (ext4): destination with the same identifier (name{page.94}) has
 been already used, duplicate ignored
<to be read again> 
                   \relax 
l.3452 	\chapter
                {Computing with finite elements} [94

]
Chapter 13.

pdfTeX warning (ext4): destination with the same identifier (name{page.90}) has
 been already used, duplicate ignored
<to be read again> 
                   \relax 
l.3505 		$$
            [90]
<../figi//img_47.png, id=1973, 745.28438pt x 355.3275pt>
File: ../figi//img_47.png Graphic file (type png)
<use ../figi//img_47.png>
Package pdftex.def Info: ../figi//img_47.png  used on input line 3517.
(pdftex.def)             Requested size: 338.58632pt x 161.42485pt.

pdfTeX warning (ext4): destination with the same identifier (name{page.91}) has
 been already used, duplicate ignored
<to be read again> 
                   \relax 
l.3574 		\end{equation}
                        [91 <../figi//img_47.png>]
Overfull \hbox (2.56848pt too wide) in paragraph at lines 3591--3592
[]\T1/ptm/m/n/10 A fi-nite dif-fer-ence dis-cretiza-tion of $\OMS/ztmcm/m/n/10 
^^@\OML/ztmcm/m/it/10 u[]\OT1/ztmcm/m/n/10 (\OML/ztmcm/m/it/10 x\OT1/ztmcm/m/n/
10 ) = 2$ \T1/ptm/m/n/10 by a cen-tered, second-order fi-nite dif-fer-ence ap-p
rox-i-ma-tion $\OML/ztmcm/m/it/10 u[] [] \OMS/ztmcm/m/n/10 ^^Y
 []


pdfTeX warning (ext4): destination with the same identifier (name{page.92}) has
 been already used, duplicate ignored
<to be read again> 
                   \relax 
l.3630 	$$
           [92]
pdfTeX warning (ext4): destination with the same identifier (name{page.93}) has
 been already used, duplicate ignored
<to be read again> 
                   \relax 
l.3700 \chapter
               {Boundary conditions: specified nonzero value} [93]
pdfTeX warning (ext4): destination with the same identifier (name{page.94}) has
 been already used, duplicate ignored
<to be read again> 
                   \relax 
l.3700 \chapter
               {Boundary conditions: specified nonzero value} [94]
Chapter 14.
<../figi//img_48.png, id=2016, 660.96938pt x 319.94531pt>
File: ../figi//img_48.png Graphic file (type png)
<use ../figi//img_48.png>
Package pdftex.def Info: ../figi//img_48.png  used on input line 3738.
(pdftex.def)             Requested size: 338.58632pt x 163.89735pt.
<../figi//img_49.png, id=2017, 665.48625pt x 359.84438pt>
File: ../figi//img_49.png Graphic file (type png)
<use ../figi//img_49.png>
Package pdftex.def Info: ../figi//img_49.png  used on input line 3746.
(pdftex.def)             Requested size: 338.58632pt x 183.08443pt.

pdfTeX warning (ext4): destination with the same identifier (name{page.90}) has
 been already used, duplicate ignored
<to be read again> 
                   \relax 
l.3748 		\end{figure}
                      [90

 <../figi//img_48.png>]
Overfull \hbox (21.13576pt too wide) in paragraph at lines 3767--3767
|[]\T1/ptm/b/sc/16 Example on com-put-ing with fi-nite element-based a bound-
 []


pdfTeX warning (ext4): destination with the same identifier (name{page.91}) has
 been already used, duplicate ignored
<to be read again> 
                   \relax 
l.3794 		$$
            [91 <../figi//img_49.png>]
pdfTeX warning (ext4): destination with the same identifier (name{page.92}) has
 been already used, duplicate ignored
<to be read again> 
                   \relax 
l.3847 		$$
            [92]
pdfTeX warning (ext4): destination with the same identifier (name{page.93}) has
 been already used, duplicate ignored
<to be read again> 
                   \relax 
l.3965 		\end{equation}
                        [93]
pdfTeX warning (ext4): destination with the same identifier (name{page.94}) has
 been already used, duplicate ignored
<to be read again> 
                   \relax 
l.4008 \chapter
               {Boundary conditions: specified derivative} [94]
Chapter 15.

pdfTeX warning (ext4): destination with the same identifier (name{page.90}) has
 been already used, duplicate ignored
<to be read again> 
                   \relax 
l.4051 		$$
            [90

]
Overfull \hbox (33.29655pt too wide) in paragraph at lines 4059--4060
\T1/ptm/m/n/10 fem:deq:1D:fem:essBC:Bfunc:modsys or in a sym-met-ric fash-ion a
s in Sec-tion re-fr-ef-fem:deq:1D:fem:essBC:Bfunc:modsys:symm.
 []


pdfTeX warning (ext4): destination with the same identifier (name{page.91}) has
 been already used, duplicate ignored
<to be read again> 
                   \relax 
l.4141 
        [91]
pdfTeX warning (ext4): destination with the same identifier (name{page.92}) has
 been already used, duplicate ignored
<to be read again> 
                   \relax 
l.4174 \chapter
               {Implementation} [92]
Chapter 16.

pdfTeX warning (ext4): destination with the same identifier (name{page.90}) has
 been already used, duplicate ignored
<to be read again> 
                   \relax 
l.4220 		\begin{lstlisting}[numbers=none]
                                          [90

]
pdfTeX warning (ext4): destination with the same identifier (name{page.91}) has
 been already used, duplicate ignored
<to be read again> 
                   \relax 
l.4296 	
        		u_bar = solve(integrand_lhs, integrand_rhs, psi, Omega, [91]
pdfTeX warning (ext4): destination with the same identifier (name{page.92}) has
 been already used, duplicate ignored
<to be read again> 
                   \relax 
l.4370 	
        		 [92]
pdfTeX warning (ext4): destination with the same identifier (name{page.93}) has
 been already used, duplicate ignored
<to be read again> 
                   \relax 
l.4391 \chapter
               {Variational formulations in 2D and 3D} [93]
pdfTeX warning (ext4): destination with the same identifier (name{page.94}) has
 been already used, duplicate ignored
<to be read again> 
                   \relax 
l.4391 \chapter
               {Variational formulations in 2D and 3D} [94

]
Chapter 17.

pdfTeX warning (ext4): destination with the same identifier (name{page.90}) has
 been already used, duplicate ignored
<to be read again> 
                   \relax 
l.4462 	$$
           [90]
pdfTeX warning (ext4): destination with the same identifier (name{page.91}) has
 been already used, duplicate ignored
<to be read again> 
                   \relax 
l.4541 		$$
            [91]
pdfTeX warning (ext4): destination with the same identifier (name{page.92}) has
 been already used, duplicate ignored
<to be read again> 
                   \relax 
l.4622 	\end{equation}
                       [92]
pdfTeX warning (ext4): destination with the same identifier (name{page.93}) has
 been already used, duplicate ignored
<to be read again> 
                   \relax 
l.4649 \chapter
               {Summary} [93]
pdfTeX warning (ext4): destination with the same identifier (name{page.94}) has
 been already used, duplicate ignored
<to be read again> 
                   \relax 
l.4649 \chapter
               {Summary} [94

]
Chapter 18.

pdfTeX warning (ext4): destination with the same identifier (name{page.90}) has
 been already used, duplicate ignored
<to be read again> 
      