\BOOKMARK [0][-]{chapter.1}{\376\377\000A\000p\000p\000r\000o\000x\000i\000m\000a\000t\000i\000o\000n\000\040\000o\000f\000\040\000v\000e\000c\000t\000o\000r\000s}{}% 1
\BOOKMARK [1][-]{section.1.1}{\376\377\000A\000p\000p\000r\000o\000x\000i\000m\000a\000t\000i\000o\000n\000\040\000o\000f\000\040\000p\000l\000a\000n\000a\000r\000\040\000v\000e\000c\000t\000o\000r\000s}{chapter.1}% 2
\BOOKMARK [1][-]{section.1.2}{\376\377\000A\000p\000p\000r\000o\000x\000i\000m\000a\000t\000i\000o\000n\000\040\000o\000f\000\040\000g\000e\000n\000e\000r\000a\000l\000\040\000v\000e\000c\000t\000o\000r\000s}{chapter.1}% 3
\BOOKMARK [0][-]{chapter.2}{\376\377\000A\000p\000p\000r\000o\000x\000i\000m\000a\000t\000i\000o\000n\000\040\000o\000f\000\040\000f\000u\000n\000c\000t\000i\000o\000n\000s}{}% 4
\BOOKMARK [1][-]{section.2.1}{\376\377\000T\000h\000e\000\040\000l\000e\000a\000s\000t\000\040\000s\000q\000u\000a\000r\000e\000s\000\040\000m\000e\000t\000h\000o\000d}{chapter.2}% 5
\BOOKMARK [1][-]{section.2.2}{\376\377\000T\000h\000e\000\040\000p\000r\000o\000j\000e\000c\000t\000i\000o\000n\000\040\000\050\000o\000r\000\040\000G\000a\000l\000e\000r\000k\000i\000n\000\051\000\040\000m\000e\000t\000h\000o\000d}{chapter.2}% 6
\BOOKMARK [1][-]{section.2.3}{\376\377\000E\000x\000a\000m\000p\000l\000e\000:\000\040\000l\000i\000n\000e\000a\000r\000\040\000a\000p\000p\000r\000o\000x\000i\000m\000a\000t\000i\000o\000n}{chapter.2}% 7
\BOOKMARK [1][-]{section.2.4}{\376\377\000I\000m\000p\000l\000e\000m\000e\000n\000t\000a\000t\000i\000o\000n\000\040\000o\000f\000\040\000t\000h\000e\000\040\000l\000e\000a\000s\000t\000\040\000s\000q\000u\000a\000r\000e\000s\000\040\000m\000e\000t\000h\000o\000d}{chapter.2}% 8
\BOOKMARK [1][-]{section.2.5}{\376\377\000P\000e\000r\000f\000e\000c\000t\000\040\000a\000p\000p\000r\000o\000x\000i\000m\000a\000t\000i\000o\000n}{chapter.2}% 9
\BOOKMARK [1][-]{section.2.6}{\376\377\000I\000l\000l\000-\000c\000o\000n\000d\000i\000t\000i\000o\000n\000i\000n\000g}{chapter.2}% 10
\BOOKMARK [1][-]{section.2.7}{\376\377\000F\000o\000u\000r\000i\000e\000r\000\040\000s\000e\000r\000i\000e\000s}{chapter.2}% 11
\BOOKMARK [1][-]{section.2.8}{\376\377\000O\000r\000t\000h\000o\000g\000o\000n\000a\000l\000\040\000b\000a\000s\000i\000s\000\040\000f\000u\000n\000c\000t\000i\000o\000n\000s}{chapter.2}% 12
\BOOKMARK [1][-]{section.2.9}{\376\377\000N\000u\000m\000e\000r\000i\000c\000a\000l\000\040\000c\000o\000m\000p\000u\000t\000a\000t\000i\000o\000n\000s}{chapter.2}% 13
\BOOKMARK [1][-]{section.2.10}{\376\377\000T\000h\000e\000\040\000i\000n\000t\000e\000r\000p\000o\000l\000a\000t\000i\000o\000n\000\040\000\050\000o\000r\000\040\000c\000o\000l\000l\000o\000c\000a\000t\000i\000o\000n\000\051\000\040\000m\000e\000t\000h\000o\000d}{chapter.2}% 14
\BOOKMARK [1][-]{section.2.11}{\376\377\000L\000a\000g\000r\000a\000n\000g\000e\000\040\000p\000o\000l\000y\000n\000o\000m\000i\000a\000l\000s}{chapter.2}% 15
\BOOKMARK [0][-]{chapter.3}{\376\377\000F\000i\000n\000i\000t\000e\000\040\000e\000l\000e\000m\000e\000n\000t\000\040\000b\000a\000s\000i\000s\000\040\000f\000u\000n\000c\000t\000i\000o\000n\000s}{}% 16
\BOOKMARK [1][-]{section.3.1}{\376\377\000E\000l\000e\000m\000e\000n\000t\000s\000\040\000a\000n\000d\000\040\000n\000o\000d\000e\000s}{chapter.3}% 17
\BOOKMARK [1][-]{section.3.2}{\376\377\000T\000h\000e\000\040\000b\000a\000s\000i\000s\000\040\000f\000u\000n\000c\000t\000i\000o\000n\000s}{chapter.3}% 18
\BOOKMARK [1][-]{section.3.3}{\376\377\000E\000x\000a\000m\000p\000l\000e\000\040\000o\000n\000\040\000p\000i\000e\000c\000e\000w\000i\000s\000e\000\040\000q\000u\000a\000d\000r\000a\000t\000i\000c\000\040\000f\000i\000n\000i\000t\000e\000\040\000e\000l\000e\000m\000e\000n\000t\000\040\000f\000u\000n\000c\000t\000i\000o\000n\000s}{chapter.3}% 19
\BOOKMARK [1][-]{section.3.4}{\376\377\000E\000x\000a\000m\000p\000l\000e\000\040\000o\000n\000\040\000p\000i\000e\000c\000e\000w\000i\000s\000e\000\040\000l\000i\000n\000e\000a\000r\000\040\000f\000i\000n\000i\000t\000e\000\040\000e\000l\000e\000m\000e\000n\000t\000\040\000f\000u\000n\000c\000t\000i\000o\000n\000s}{chapter.3}% 20
\BOOKMARK [1][-]{section.3.5}{\376\377\000E\000x\000a\000m\000p\000l\000e\000\040\000o\000n\000\040\000p\000i\000e\000c\000e\000w\000i\000s\000e\000\040\000c\000u\000b\000i\000c\000\040\000f\000i\000n\000i\000t\000e\000\040\000e\000l\000e\000m\000e\000n\000t\000\040\000b\000a\000s\000i\000s\000\040\000f\000u\000n\000c\000t\000i\000o\000n\000s}{chapter.3}% 21
\BOOKMARK [1][-]{section.3.6}{\376\377\000C\000a\000l\000c\000u\000l\000a\000t\000i\000n\000g\000\040\000t\000h\000e\000\040\000l\000i\000n\000e\000a\000r\000\040\000s\000y\000s\000t\000e\000m}{chapter.3}% 22
\BOOKMARK [1][-]{section.3.7}{\376\377\000A\000s\000s\000e\000m\000b\000l\000y\000\040\000o\000f\000\040\000e\000l\000e\000m\000e\000n\000t\000w\000i\000s\000e\000\040\000c\000o\000m\000p\000u\000t\000a\000t\000i\000o\000n\000s}{chapter.3}% 23
\BOOKMARK [1][-]{section.3.8}{\376\377\000M\000a\000p\000p\000i\000n\000g\000\040\000t\000o\000\040\000a\000\040\000r\000e\000f\000e\000r\000e\000n\000c\000e\000\040\000e\000l\000e\000m\000e\000n\000t}{chapter.3}% 24
\BOOKMARK [1][-]{section.3.9}{\376\377\000E\000x\000a\000m\000p\000l\000e\000:\000\040\000I\000n\000t\000e\000g\000r\000a\000t\000i\000o\000n\000\040\000o\000v\000e\000r\000\040\000a\000\040\000r\000e\000f\000e\000r\000e\000n\000c\000e\000\040\000e\000l\000e\000m\000e\000n\000t}{chapter.3}% 25
\BOOKMARK [0][-]{chapter.4}{\376\377\000I\000m\000p\000l\000e\000m\000e\000n\000t\000a\000t\000i\000o\000n}{}% 26
\BOOKMARK [1][-]{section.4.1}{\376\377\000I\000n\000t\000e\000g\000r\000a\000t\000i\000o\000n}{chapter.4}% 27
\BOOKMARK [1][-]{section.4.2}{\376\377\000L\000i\000n\000e\000a\000r\000\040\000s\000y\000s\000t\000e\000m\000\040\000a\000s\000s\000e\000m\000b\000l\000y\000\040\000a\000n\000d\000\040\000s\000o\000l\000u\000t\000i\000o\000n}{chapter.4}% 28
\BOOKMARK [1][-]{section.4.3}{\376\377\000E\000x\000a\000m\000p\000l\000e\000\040\000o\000n\000\040\000c\000o\000m\000p\000u\000t\000i\000n\000g\000\040\000s\000y\000m\000b\000o\000l\000i\000c\000\040\000a\000p\000p\000r\000o\000x\000i\000m\000a\000t\000i\000o\000n\000s}{chapter.4}% 29
\BOOKMARK [1][-]{section.4.4}{\376\377\000C\000o\000m\000p\000a\000r\000i\000s\000o\000n\000\040\000w\000i\000t\000h\000\040\000f\000i\000n\000i\000t\000e\000\040\000e\000l\000e\000m\000e\000n\000t\000s\000\040\000a\000n\000d\000\040\000i\000n\000t\000e\000r\000p\000o\000l\000a\000t\000i\000o\000n\000/\000-\000\040\000c\000o\000l\000l\000o\000c\000a\000t\000i\000o\000n}{chapter.4}% 30
\BOOKMARK [1][-]{section.4.5}{\376\377\000E\000x\000a\000m\000p\000l\000e\000\040\000o\000n\000\040\000c\000o\000m\000p\000u\000t\000i\000n\000g\000\040\000n\000u\000m\000e\000r\000i\000c\000a\000l\000\040\000a\000p\000p\000r\000o\000x\000i\000m\000a\000t\000i\000o\000n\000s}{chapter.4}% 31
\BOOKMARK [1][-]{section.4.6}{\376\377\000T\000h\000e\000\040\000s\000t\000r\000u\000c\000t\000u\000r\000e\000\040\000o\000f\000\040\000t\000h\000e\000\040\000c\000o\000e\000f\000f\000i\000c\000i\000e\000n\000t\000\040\000m\000a\000t\000r\000i\000x}{chapter.4}% 32
\BOOKMARK [1][-]{section.4.7}{\376\377\000A\000p\000p\000l\000i\000c\000a\000t\000i\000o\000n\000s}{chapter.4}% 33
\BOOKMARK [1][-]{section.4.8}{\376\377\000S\000p\000a\000r\000s\000e\000\040\000m\000a\000t\000r\000i\000x\000\040\000s\000t\000o\000r\000a\000g\000e\000\040\000a\000n\000d\000\040\000s\000o\000l\000u\000t\000i\000o\000n}{chapter.4}% 34
\BOOKMARK [0][-]{chapter.5}{\376\377\000C\000o\000m\000p\000a\000r\000i\000s\000o\000n\000\040\000o\000f\000\040\000f\000i\000n\000i\000t\000e\000\040\000e\000l\000e\000m\000e\000n\000t\000\040\000a\000n\000d\000\040\000f\000i\000n\000i\000t\000e\000\040\000d\000i\000f\000f\000e\000r\000e\000n\000c\000e\000\040\000a\000p\000p\000r\000o\000x\000i\000m\000a\000t\000i\000o\000n}{}% 35
\BOOKMARK [1][-]{section.5.1}{\376\377\000F\000i\000n\000i\000t\000e\000\040\000d\000i\000f\000f\000e\000r\000e\000n\000c\000e\000\040\000a\000p\000p\000r\000o\000x\000i\000m\000a\000t\000i\000o\000n\000\040\000o\000f\000\040\000g\000i\000v\000e\000n\000\040\000f\000u\000n\000c\000t\000i\000o\000n\000s}{chapter.5}% 36
\BOOKMARK [1][-]{section.5.2}{\376\377\000F\000i\000n\000i\000t\000e\000\040\000d\000i\000f\000f\000e\000r\000e\000n\000c\000e\000\040\000i\000n\000t\000e\000r\000p\000r\000e\000t\000a\000t\000i\000o\000n\000\040\000o\000f\000\040\000a\000\040\000f\000i\000n\000i\000t\000e\000\040\000e\000l\000e\000m\000e\000n\000t\000\040\000a\000p\000p\000r\000o\000x\000i\000m\000a\000t\000i\000o\000n}{chapter.5}% 37
\BOOKMARK [1][-]{section.5.3}{\376\377\000M\000a\000k\000i\000n\000g\000\040\000f\000i\000n\000i\000t\000e\000\040\000e\000l\000e\000m\000e\000n\000t\000s\000\040\000b\000e\000h\000a\000v\000e\000\040\000a\000s\000\040\000f\000i\000n\000i\000t\000e\000\040\000d\000i\000f\000f\000e\000r\000e\000n\000c\000e\000s}{chapter.5}% 38
\BOOKMARK [0][-]{chapter.6}{\376\377\000A\000\040\000g\000e\000n\000e\000r\000a\000l\000i\000z\000e\000d\000\040\000e\000l\000e\000m\000e\000n\000t\000\040\000c\000o\000n\000c\000e\000p\000t}{}% 39
\BOOKMARK [1][-]{section.6.1}{\376\377\000C\000e\000l\000l\000s\000,\000\040\000v\000e\000r\000t\000i\000c\000e\000s\000,\000\040\000a\000n\000d\000\040\000d\000e\000g\000r\000e\000e\000s\000\040\000o\000f\000\040\000f\000r\000e\000e\000d\000o\000m}{chapter.6}% 40
\BOOKMARK [1][-]{section.6.2}{\376\377\000E\000x\000t\000e\000n\000d\000e\000d\000\040\000f\000i\000n\000i\000t\000e\000\040\000e\000l\000e\000m\000e\000n\000t\000\040\000c\000o\000n\000c\000e\000p\000t}{chapter.6}% 41
\BOOKMARK [1][-]{section.6.3}{\376\377\000I\000m\000p\000l\000e\000m\000e\000n\000t\000a\000t\000i\000o\000n}{chapter.6}% 42
\BOOKMARK [1][-]{section.6.4}{\376\377\000C\000o\000m\000p\000u\000t\000i\000n\000g\000\040\000t\000h\000e\000\040\000e\000r\000r\000o\000r\000\040\000o\000f\000\040\000t\000h\000e\000\040\000a\000p\000p\000r\000o\000x\000i\000m\000a\000t\000i\000o\000n}{chapter.6}% 43
\BOOKMARK [1][-]{section.6.5}{\376\377\000E\000x\000a\000m\000p\000l\000e\000:\000\040\000C\000u\000b\000i\000c\000\040\000H\000e\000r\000m\000i\000t\000e\000\040\000p\000o\000l\000y\000n\000o\000m\000i\000a\000l\000s}{chapter.6}% 44
\BOOKMARK [0][-]{chapter.7}{\376\377\000N\000u\000m\000e\000r\000i\000c\000a\000l\000\040\000i\000n\000t\000e\000g\000r\000a\000t\000i\000o\000n}{}% 45
\BOOKMARK [1][-]{section.7.1}{\376\377\000N\000e\000w\000t\000o\000n\000-\000C\000o\000t\000e\000s\000\040\000r\000u\000l\000e\000s}{chapter.7}% 46
\BOOKMARK [1][-]{section.7.2}{\376\377\000G\000a\000u\000s\000s\000-\000L\000e\000g\000e\000n\000d\000r\000e\000\040\000r\000u\000l\000e\000s\000\040\000w\000i\000t\000h\000\040\000o\000p\000t\000i\000m\000i\000z\000e\000d\000\040\000p\000o\000i\000n\000t\000s}{chapter.7}% 47
\BOOKMARK [0][-]{chapter.8}{\376\377\000A\000p\000p\000r\000o\000x\000i\000m\000a\000t\000i\000o\000n\000\040\000o\000f\000\040\000f\000u\000n\000c\000t\000i\000o\000n\000s\000\040\000i\000n\000\040\0002\000D}{}% 48
\BOOKMARK [1][-]{section.8.1}{\376\377\0002\000D\000\040\000b\000a\000s\000i\000s\000\040\000f\000u\000n\000c\000t\000i\000o\000n\000s\000\040\000a\000s\000\040\000t\000e\000n\000s\000o\000r\000\040\000p\000r\000o\000d\000u\000c\000t\000s\000\040\000o\000f\000\040\0001\000D\000\040\000f\000u\000n\000c\000t\000i\000o\000n\000s}{chapter.8}% 49
\BOOKMARK [1][-]{section.8.2}{\376\377\000E\000x\000a\000m\000p\000l\000e\000:\000\040\000P\000o\000l\000y\000n\000o\000m\000i\000a\000l\000\040\000b\000a\000s\000i\000s\000\040\000i\000n\000\040\0002\000D}{chapter.8}% 50
\BOOKMARK [1][-]{section.8.3}{\376\377\000I\000m\000p\000l\000e\000m\000e\000n\000t\000a\000t\000i\000o\000n}{chapter.8}% 51
\BOOKMARK [1][-]{section.8.4}{\376\377\000E\000x\000t\000e\000n\000s\000i\000o\000n\000\040\000t\000o\000\040\0003\000D}{chapter.8}% 52
\BOOKMARK [0][-]{chapter.9}{\376\377\000F\000i\000n\000i\000t\000e\000\040\000e\000l\000e\000m\000e\000n\000t\000s\000\040\000i\000n\000\040\0002\000D\000\040\000a\000n\000d\000\040\0003\000D}{}% 53
\BOOKMARK [1][-]{section.9.1}{\376\377\000B\000a\000s\000i\000s\000\040\000f\000u\000n\000c\000t\000i\000o\000n\000s\000\040\000o\000v\000e\000r\000\040\000t\000r\000i\000a\000n\000g\000l\000e\000s\000\040\000i\000n\000\040\000t\000h\000e\000\040\000p\000h\000y\000s\000i\000c\000a\000l\000\040\000d\000o\000m\000a\000i\000n}{chapter.9}% 54
\BOOKMARK [1][-]{section.9.2}{\376\377\000B\000a\000s\000i\000s\000\040\000f\000u\000n\000c\000t\000i\000o\000n\000s\000\040\000o\000v\000e\000r\000\040\000t\000r\000i\000a\000n\000g\000l\000e\000s\000\040\000i\000n\000\040\000t\000h\000e\000\040\000r\000e\000f\000e\000r\000e\000n\000c\000e\000\040\000c\000e\000l\000l}{chapter.9}% 55
\BOOKMARK [1][-]{section.9.3}{\376\377\000A\000f\000f\000i\000n\000e\000\040\000m\000a\000p\000p\000i\000n\000g\000\040\000o\000f\000\040\000t\000h\000e\000\040\000r\000e\000f\000e\000r\000e\000n\000c\000e\000\040\000c\000e\000l\000l}{chapter.9}% 56
\BOOKMARK [1][-]{section.9.4}{\376\377\000I\000s\000o\000p\000a\000r\000a\000m\000e\000t\000r\000i\000c\000\040\000m\000a\000p\000p\000i\000n\000g\000\040\000o\000f\000\040\000t\000h\000e\000\040\000r\000e\000f\000e\000r\000e\000n\000c\000e\000\040\000c\000e\000l\000l}{chapter.9}% 57
\BOOKMARK [1][-]{section.9.5}{\376\377\000C\000o\000m\000p\000u\000t\000i\000n\000g\000\040\000i\000n\000t\000e\000g\000r\000a\000l\000s}{chapter.9}% 58
\BOOKMARK [0][-]{chapter.10}{\376\377\000E\000x\000e\000r\000c\000i\000s\000e\000s}{}% 59
\BOOKMARK [0][-]{chapter.11}{\376\377\000B\000a\000s\000i\000c\000\040\000p\000r\000i\000n\000c\000i\000p\000l\000e\000s\000\040\000f\000o\000r\000\040\000a\000p\000p\000r\000o\000x\000i\000m\000a\000t\000i\000n\000g\000\040\000d\000i\000f\000f\000e\000r\000e\000n\000t\000i\000a\000l\000\040\000e\000q\000u\000a\000t\000i\000o\000n\000s}{}% 60
\BOOKMARK [1][-]{section.11.1}{\376\377\000B\000a\000s\000i\000c\000\040\000p\000r\000i\000n\000c\000i\000p\000l\000e\000s\000\040\000f\000o\000r\000\040\000a\000p\000p\000r\000o\000x\000i\000m\000a\000t\000i\000n\000g\000\040\000d\000i\000f\000f\000e\000r\000e\000n\000t\000i\000a\000l\000\040\000e\000q\000u\000a\000t\000i\000o\000n\000s}{chapter.11}% 61
\BOOKMARK [1][-]{section.11.2}{\376\377\000B\000a\000s\000i\000c\000\040\000p\000r\000i\000n\000c\000i\000p\000l\000e\000s\000\040\000f\000o\000r\000\040\000a\000p\000p\000r\000o\000x\000i\000m\000a\000t\000i\000n\000g\000\040\000d\000i\000f\000f\000e\000r\000e\000n\000t\000i\000a\000l\000\040\000e\000q\000u\000a\000t\000i\000o\000n\000s}{chapter.11}% 62
\BOOKMARK [1][-]{section.11.3}{\376\377\000B\000a\000s\000i\000c\000\040\000p\000r\000i\000n\000c\000i\000p\000l\000e\000s\000\040\000f\000o\000r\000\040\000a\000p\000p\000r\000o\000x\000i\000m\000a\000t\000i\000n\000g\000\040\000d\000i\000f\000f\000e\000r\000e\000n\000t\000i\000a\000l\000\040\000e\000q\000u\000a\000t\000i\000o\000n\000s}{chapter.11}% 63
\BOOKMARK [1][-]{section.11.4}{\376\377\000B\000a\000s\000i\000c\000\040\000p\000r\000i\000n\000c\000i\000p\000l\000e\000s\000\040\000f\000o\000r\000\040\000a\000p\000p\000r\000o\000x\000i\000m\000a\000t\000i\000n\000g\000\040\000d\000i\000f\000f\000e\000r\000e\000n\000t\000i\000a\000l\000\040\000e\000q\000u\000a\000t\000i\000o\000n\000s}{chapter.11}% 64
\BOOKMARK [1][-]{section.11.5}{\376\377\000B\000a\000s\000i\000c\000\040\000p\000r\000i\000n\000c\000i\000p\000l\000e\000s\000\040\000f\000o\000r\000\040\000a\000p\000p\000r\000o\000x\000i\000m\000a\000t\000i\000n\000g\000\040\000d\000i\000f\000f\000e\000r\000e\000n\000t\000i\000a\000l\000\040\000e\000q\000u\000a\000t\000i\000o\000n\000s}{chapter.11}% 65
\BOOKMARK [1][-]{section.11.6}{\376\377\000B\000a\000s\000i\000c\000\040\000p\000r\000i\000n\000c\000i\000p\000l\000e\000s\000\040\000f\000o\000r\000\040\000a\000p\000p\000r\000o\000x\000i\000m\000a\000t\000i\000n\000g\000\040\000d\000i\000f\000f\000e\000r\000e\000n\000t\000i\000a\000l\000\040\000e\000q\000u\000a\000t\000i\000o\000n\000s}{chapter.11}% 66
\BOOKMARK [1][-]{section.11.7}{\376\377\000B\000a\000s\000i\000c\000\040\000p\000r\000i\000n\000c\000i\000p\000l\000e\000s\000\040\000f\000o\000r\000\040\000a\000p\000p\000r\000o\000x\000i\000m\000a\000t\000i\000n\000g\000\040\000d\000i\000f\000f\000e\000r\000e\000n\000t\000i\000a\000l\000\040\000e\000q\000u\000a\000t\000i\000o\000n\000s}{chapter.11}% 67
\BOOKMARK [1][-]{section.11.8}{\376\377\000B\000a\000s\000i\000c\000\040\000p\000r\000i\000n\000c\000i\000p\000l\000e\000s\000\040\000f\000o\000r\000\040\000a\000p\000p\000r\000o\000x\000i\000m\000a\000t\000i\000n\000g\000\040\000d\000i\000f\000f\000e\000r\000e\000n\000t\000i\000a\000l\000\040\000e\000q\000u\000a\000t\000i\000o\000n\000s}{chapter.11}% 68
\BOOKMARK [1][-]{section.11.9}{\376\377\000B\000a\000s\000i\000c\000\040\000p\000r\000i\000n\000c\000i\000p\000l\000e\000s\000\040\000f\000o\000r\000\040\000a\000p\000p\000r\000o\000x\000i\000m\000a\000t\000i\000n\000g\000\040\000d\000i\000f\000f\000e\000r\000e\000n\000t\000i\000a\000l\000\040\000e\000q\000u\000a\000t\000i\000o\000n\000s}{chapter.11}% 69
\BOOKMARK [1][-]{section.11.10}{\376\377\000B\000a\000s\000i\000c\000\040\000p\000r\000i\000n\000c\000i\000p\000l\000e\000s\000\040\000f\000o\000r\000\040\000a\000p\000p\000r\000o\000x\000i\000m\000a\000t\000i\000n\000g\000\040\000d\000i\000f\000f\000e\000r\000e\000n\000t\000i\000a\000l\000\040\000e\000q\000u\000a\000t\000i\000o\000n\000s}{chapter.11}% 70
\BOOKMARK [1][-]{section.11.11}{\376\377\000B\000a\000s\000i\000c\000\040\000p\000r\000i\000n\000c\000i\000p\000l\000e\000s\000\040\000f\000o\000r\000\040\000a\000p\000p\000r\000o\000x\000i\000m\000a\000t\000i\000n\000g\000\040\000d\000i\000f\000f\000e\000r\000e\000n\000t\000i\000a\000l\000\040\000e\000q\000u\000a\000t\000i\000o\000n\000s}{chapter.11}% 71
\BOOKMARK [1][-]{section.11.12}{\376\377\000B\000a\000s\000i\000c\000\040\000p\000r\000i\000n\000c\000i\000p\000l\000e\000s\000\040\000f\000o\000r\000\040\000a\000p\000p\000r\000o\000x\000i\000m\000a\000t\000i\000n\000g\000\040\000d\000i\000f\000f\000e\000r\000e\000n\000t\000i\000a\000l\000\040\000e\000q\000u\000a\000t\000i\000o\000n\000s}{chapter.11}% 72
\BOOKMARK [1][-]{section.11.13}{\376\377\000B\000a\000s\000i\000c\000\040\000p\000r\000i\000n\000c\000i\000p\000l\000e\000s\000\040\000f\000o\000r\000\040\000a\000p\000p\000r\000o\000x\000i\000m\000a\000t\000i\000n\000g\000\040\000d\000i\000f\000f\000e\000r\000e\000n\000t\000i\000a\000l\000\040\000e\000q\000u\000a\000t\000i\000o\000n\000s}{chapter.11}% 73
\BOOKMARK [0][-]{chapter.12}{\376\377\000E\000x\000a\000m\000p\000l\000e\000s\000\040\000o\000n\000\040\000v\000a\000r\000i\000a\000t\000i\000o\000n\000a\000l\000\040\000f\000o\000r\000m\000u\000l\000a\000t\000i\000o\000n\000s}{}% 74
\BOOKMARK [1][-]{section.12.1}{\376\377\000E\000x\000a\000m\000p\000l\000e\000s\000\040\000o\000n\000\040\000v\000a\000r\000i\000a\000t\000i\000o\000n\000a\000l\000\040\000f\000o\000r\000m\000u\000l\000a\000t\000i\000o\000n\000s}{chapter.12}% 75
\BOOKMARK [1][-]{section.12.2}{\376\377\000E\000x\000a\000m\000p\000l\000e\000s\000\040\000o\000n\000\040\000v\000a\000r\000i\000a\000t\000i\000o\000n\000a\000l\000\040\000f\000o\000r\000m\000u\000l\000a\000t\000i\000o\000n\000s}{chapter.12}% 76
\BOOKMARK [1][-]{section.12.3}{\376\377\000E\000x\000a\000m\000p\000l\000e\000s\000\040\000o\000n\000\040\000v\000a\000r\000i\000a\000t\000i\000o\000n\000a\000l\000\040\000f\000o\000r\000m\000u\000l\000a\000t\000i\000o\000n\000s}{chapter.12}% 77
\BOOKMARK [1][-]{section.12.4}{\376\377\000E\000x\000a\000m\000p\000l\000e\000s\000\040\000o\000n\000\040\000v\000a\000r\000i\000a\000t\000i\000o\000n\000a\000l\000\040\000f\000o\000r\000m\000u\000l\000a\000t\000i\000o\000n\000s}{chapter.12}% 78
\BOOKMARK [1][-]{section.12.5}{\376\377\000E\000x\000a\000m\000p\000l\000e\000s\000\040\000o\000n\000\040\000v\000a\000r\000i\000a\000t\000i\000o\000n\000a\000l\000\040\000f\000o\000r\000m\000u\000l\000a\000t\000i\000o\000n\000s}{chapter.12}% 79
\BOOKMARK [0][-]{chapter.13}{\376\377\000C\000o\000m\000p\000u\000t\000i\000n\000g\000\040\000w\000i\000t\000h\000\040\000f\000i\000n\000i\000t\000e\000\040\000e\000l\000e\000m\000e\000n\000t\000s}{}% 80
\BOOKMARK [1][-]{section.13.1}{\376\377\000C\000o\000m\000p\000u\000t\000i\000n\000g\000\040\000w\000i\000t\000h\000\040\000f\000i\000n\000i\000t\000e\000\040\000e\000l\000e\000m\000e\000n\000t\000s}{chapter.13}% 81
\BOOKMARK [1][-]{section.13.2}{\376\377\000C\000o\000m\000p\000u\000t\000i\000n\000g\000\040\000w\000i\000t\000h\000\040\000f\000i\000n\000i\000t\000e\000\040\000e\000l\000e\000m\000e\000n\000t\000s}{chapter.13}% 82
\BOOKMARK [1][-]{section.13.3}{\376\377\000C\000o\000m\000p\000u\000t\000i\000n\000g\000\040\000w\000i\000t\000h\000\040\000f\000i\000n\000i\000t\000e\000\040\000e\000l\000e\000m\000e\000n\000t\000s}{chapter.13}% 83
\BOOKMARK [1][-]{section.13.4}{\376\377\000C\000o\000m\000p\000u\000t\000i\000n\000g\000\040\000w\000i\000t\000h\000\040\000f\000i\000n\000i\000t\000e\000\040\000e\000l\000e\000m\000e\000n\000t\000s}{chapter.13}% 84
\BOOKMARK [0][-]{chapter.14}{\376\377\000B\000o\000u\000n\000d\000a\000r\000y\000\040\000c\000o\000n\000d\000i\000t\000i\000o\000n\000s\000:\000\040\000s\000p\000e\000c\000i\000f\000i\000e\000d\000\040\000n\000o\000n\000z\000e\000r\000o\000\040\000v\000a\000l\000u\000e}{}% 85
\BOOKMARK [1][-]{section.14.1}{\376\377\000B\000o\000u\000n\000d\000a\000r\000y\000\040\000c\000o\000n\000d\000i\000t\000i\000o\000n\000s\000:\000\040\000s\000p\000e\000c\000i\000f\000i\000e\000d\000\040\000n\000o\000n\000z\000e\000r\000o\000\040\000v\000a\000l\000u\000e}{chapter.14}% 86
\BOOKMARK [1][-]{section.14.2}{\376\377\000B\000o\000u\000n\000d\000a\000r\000y\000\040\000c\000o\000n\000d\000i\000t\000i\000o\000n\000s\000:\000\040\000s\000p\000e\000c\000i\000f\000i\000e\000d\000\040\000n\000o\000n\000z\000e\000r\000o\000\040\000v\000a\000l\000u\000e}{chapter.14}% 87
\BOOKMARK [1][-]{section.14.3}{\376\377\000B\000o\000u\000n\000d\000a\000r\000y\000\040\000c\000o\000n\000d\000i\000t\000i\000o\000n\000s\000:\000\040\000s\000p\000e\000c\000i\000f\000i\000e\000d\000\040\000n\000o\000n\000z\000e\000r\000o\000\040\000v\000a\000l\000u\000e}{chapter.14}% 88
\BOOKMARK [1][-]{section.14.4}{\376\377\000B\000o\000u\000n\000d\000a\000r\000y\000\040\000c\000o\000n\000d\000i\000t\000i\000o\000n\000s\000:\000\040\000s\000p\000e\000c\000i\000f\000i\000e\000d\000\040\000n\000o\000n\000z\000e\000r\000o\000\040\000v\000a\000l\000u\000e}{chapter.14}% 89
\BOOKMARK [1][-]{section.14.5}{\376\377\000B\000o\000u\000n\000d\000a\000r\000y\000\040\000c\000o\000n\000d\000i\000t\000i\000o\000n\000s\000:\000\040\000s\000p\000e\000c\000i\000f\000i\000e\000d\000\040\000n\000o\000n\000z\000e\000r\000o\000\040\000v\000a\000l\000u\000e}{chapter.14}% 90
\BOOKMARK [0][-]{chapter.15}{\376\377\000B\000o\000u\000n\000d\000a\000r\000y\000\040\000c\000o\000n\000d\000i\000t\000i\000o\000n\000s\000:\000\040\000s\000p\000e\000c\000i\000f\000i\000e\000d\000\040\000d\000e\000r\000i\000v\000a\000t\000i\000v\000e}{}% 91
\BOOKMARK [1][-]{section.15.1}{\376\377\000B\000o\000u\000n\000d\000a\000r\000y\000\040\000c\000o\000n\000d\000i\000t\000i\000o\000n\000s\000:\000\040\000s\000p\000e\000c\000i\000f\000i\000e\000d\000\040\000d\000e\000r\000i\000v\000a\000t\000i\000v\000e}{chapter.15}% 92
\BOOKMARK [1][-]{section.15.2}{\376\377\000B\000o\000u\000n\000d\000a\000r\000y\000\040\000c\000o\000n\000d\000i\000t\000i\000o\000n\000s\000:\000\040\000s\000p\000e\000c\000i\000f\000i\000e\000d\000\040\000d\000e\000r\000i\000v\000a\000t\000i\000v\000e}{chapter.15}% 93
\BOOKMARK [1][-]{section.15.3}{\376\377\000B\000o\000u\000n\000d\000a\000r\000y\000\040\000c\000o\000n\000d\000i\000t\000i\000o\000n\000s\000:\000\040\000s\000p\000e\000c\000i\000f\000i\000e\000d\000\040\000d\000e\000r\000i\000v\000a\000t\000i\000v\000e}{chapter.15}% 94
\BOOKMARK [1][-]{section.15.4}{\376\377\000B\000o\000u\000n\000d\000a\000r\000y\000\040\000c\000o\000n\000d\000i\000t\000i\000o\000n\000s\000:\000\040\000s\000p\000e\000c\000i\000f\000i\000e\000d\000\040\000d\000e\000r\000i\000v\000a\000t\000i\000v\000e}{chapter.15}% 95
\BOOKMARK [1][-]{section.15.5}{\376\377\000B\000o\000u\000n\000d\000a\000r\000y\000\040\000c\000o\000n\000d\000i\000t\000i\000o\000n\000s\000:\000\040\000s\000p\000e\000c\000i\000f\000i\000e\000d\000\040\000d\000e\000r\000i\000v\000a\000t\000i\000v\000e}{chapter.15}% 96
\BOOKMARK [0][-]{chapter.16}{\376\377\000I\000m\000p\000l\000e\000m\000e\000n\000t\000a\000t\000i\000o\000n}{}% 97
\BOOKMARK [1][-]{section.16.1}{\376\377\000I\000m\000p\000l\000e\000m\000e\000n\000t\00